Vivado Simulator v2023.1
Copyright 1986-2022 Xilinx, Inc. All Rights Reserved.
Copyright 2022-2023 Advanced Micro Devices, Inc. All Rights Reserved.
Running: D:/Work/Xilinx/Vivado/2023.1/bin/unwrapped/win64.o/xelab.exe xil_defaultlib.apatb_md5_wrap_top glbl -Oenable_linking_all_libraries -prj md5_wrap.prj -L smartconnect_v1_0 -L axi_protocol_checker_v1_1_12 -L axi_protocol_checker_v1_1_13 -L axis_protocol_checker_v1_1_11 -L axis_protocol_checker_v1_1_12 -L xil_defaultlib -L unisims_ver -L xpm -L floating_point_v7_1_15 -L floating_point_v7_0_20 --lib ieee_proposed=./ieee_proposed -s md5_wrap 
Multi-threading is on. Using 18 slave threads.
INFO: [VRFC 10-2263] Analyzing SystemVerilog file "D:/USTC/2023_AMD-Xilinx_Summer_Camp/MD5-Accelerator/md5_hls_prj/solution1/sim/verilog/glbl.v" into library work
INFO: [VRFC 10-311] analyzing module glbl
INFO: [VRFC 10-2263] Analyzing SystemVerilog file "D:/USTC/2023_AMD-Xilinx_Summer_Camp/MD5-Accelerator/md5_hls_prj/solution1/sim/verilog/AESL_axi_master_gmem.v" into library xil_defaultlib
INFO: [VRFC 10-311] analyzing module AESL_axi_master_gmem
INFO: [VRFC 10-2263] Analyzing SystemVerilog file "D:/USTC/2023_AMD-Xilinx_Summer_Camp/MD5-Accelerator/md5_hls_prj/solution1/sim/verilog/AESL_axi_slave_control.v" into library xil_defaultlib
INFO: [VRFC 10-311] analyzing module AESL_axi_slave_control
INFO: [VRFC 10-2263] Analyzing SystemVerilog file "D:/USTC/2023_AMD-Xilinx_Summer_Camp/MD5-Accelerator/md5_hls_prj/solution1/sim/verilog/AESL_axi_slave_CTRL.v" into library xil_defaultlib
INFO: [VRFC 10-311] analyzing module AESL_axi_slave_CTRL
INFO: [VRFC 10-2263] Analyzing SystemVerilog file "D:/USTC/2023_AMD-Xilinx_Summer_Camp/MD5-Accelerator/md5_hls_prj/solution1/sim/verilog/md5_wrap.autotb.v" into library xil_defaultlib
INFO: [VRFC 10-311] analyzing module apatb_md5_wrap_top
INFO: [VRFC 10-2263] Analyzing SystemVerilog file "D:/USTC/2023_AMD-Xilinx_Summer_Camp/MD5-Accelerator/md5_hls_prj/solution1/sim/verilog/md5_wrap.v" into library xil_defaultlib
INFO: [VRFC 10-311] analyzing module md5_wrap
INFO: [VRFC 10-2263] Analyzing SystemVerilog file "D:/USTC/2023_AMD-Xilinx_Summer_Camp/MD5-Accelerator/md5_hls_prj/solution1/sim/verilog/md5_wrap_control_s_axi.v" into library xil_defaultlib
INFO: [VRFC 10-311] analyzing module md5_wrap_control_s_axi
INFO: [VRFC 10-2263] Analyzing SystemVerilog file "D:/USTC/2023_AMD-Xilinx_Summer_Camp/MD5-Accelerator/md5_hls_prj/solution1/sim/verilog/md5_wrap_CTRL_s_axi.v" into library xil_defaultlib
INFO: [VRFC 10-311] analyzing module md5_wrap_CTRL_s_axi
INFO: [VRFC 10-2263] Analyzing SystemVerilog file "D:/USTC/2023_AMD-Xilinx_Summer_Camp/MD5-Accelerator/md5_hls_prj/solution1/sim/verilog/md5_wrap_ctx_data_RAM_AUTO_1R1W.v" into library xil_defaultlib
INFO: [VRFC 10-311] analyzing module md5_wrap_ctx_data_RAM_AUTO_1R1W
INFO: [VRFC 10-2263] Analyzing SystemVerilog file "D:/USTC/2023_AMD-Xilinx_Summer_Camp/MD5-Accelerator/md5_hls_prj/solution1/sim/verilog/md5_wrap_flow_control_loop_pipe_sequential_init.v" into library xil_defaultlib
INFO: [VRFC 10-311] analyzing module md5_wrap_flow_control_loop_pipe_sequential_init
INFO: [VRFC 10-2263] Analyzing SystemVerilog file "D:/USTC/2023_AMD-Xilinx_Summer_Camp/MD5-Accelerator/md5_hls_prj/solution1/sim/verilog/md5_wrap_gmem_m_axi.v" into library xil_defaultlib
INFO: [VRFC 10-311] analyzing module md5_wrap_gmem_m_axi
INFO: [VRFC 10-311] analyzing module md5_wrap_gmem_m_axi_load
INFO: [VRFC 10-311] analyzing module md5_wrap_gmem_m_axi_store
INFO: [VRFC 10-311] analyzing module md5_wrap_gmem_m_axi_read
INFO: [VRFC 10-311] analyzing module md5_wrap_gmem_m_axi_write
INFO: [VRFC 10-311] analyzing module md5_wrap_gmem_m_axi_burst_converter
INFO: [VRFC 10-311] analyzing module md5_wrap_gmem_m_axi_throttle
INFO: [VRFC 10-311] analyzing module md5_wrap_gmem_m_axi_reg_slice
INFO: [VRFC 10-311] analyzing module md5_wrap_gmem_m_axi_fifo
INFO: [VRFC 10-311] analyzing module md5_wrap_gmem_m_axi_srl
INFO: [VRFC 10-311] analyzing module md5_wrap_gmem_m_axi_mem
INFO: [VRFC 10-2263] Analyzing SystemVerilog file "D:/USTC/2023_AMD-Xilinx_Summer_Camp/MD5-Accelerator/md5_hls_prj/solution1/sim/verilog/md5_wrap_md5_final_1.v" into library xil_defaultlib
INFO: [VRFC 10-311] analyzing module md5_wrap_md5_final_1
INFO: [VRFC 10-2263] Analyzing SystemVerilog file "D:/USTC/2023_AMD-Xilinx_Summer_Camp/MD5-Accelerator/md5_hls_prj/solution1/sim/verilog/md5_wrap_md5_final_1_Pipeline_3.v" into library xil_defaultlib
INFO: [VRFC 10-311] analyzing module md5_wrap_md5_final_1_Pipeline_3
INFO: [VRFC 10-2263] Analyzing SystemVerilog file "D:/USTC/2023_AMD-Xilinx_Summer_Camp/MD5-Accelerator/md5_hls_prj/solution1/sim/verilog/md5_wrap_md5_final_1_Pipeline_VITIS_LOOP_147_1.v" into library xil_defaultlib
INFO: [VRFC 10-311] analyzing module md5_wrap_md5_final_1_Pipeline_VITIS_LOOP_147_1
INFO: [VRFC 10-2263] Analyzing SystemVerilog file "D:/USTC/2023_AMD-Xilinx_Summer_Camp/MD5-Accelerator/md5_hls_prj/solution1/sim/verilog/md5_wrap_md5_final_1_Pipeline_VITIS_LOOP_152_2.v" into library xil_defaultlib
INFO: [VRFC 10-311] analyzing module md5_wrap_md5_final_1_Pipeline_VITIS_LOOP_152_2
INFO: [VRFC 10-2263] Analyzing SystemVerilog file "D:/USTC/2023_AMD-Xilinx_Summer_Camp/MD5-Accelerator/md5_hls_prj/solution1/sim/verilog/md5_wrap_md5_final_1_Pipeline_VITIS_LOOP_172_3.v" into library xil_defaultlib
INFO: [VRFC 10-311] analyzing module md5_wrap_md5_final_1_Pipeline_VITIS_LOOP_172_3
INFO: [VRFC 10-2263] Analyzing SystemVerilog file "D:/USTC/2023_AMD-Xilinx_Summer_Camp/MD5-Accelerator/md5_hls_prj/solution1/sim/verilog/md5_wrap_md5_transform.v" into library xil_defaultlib
INFO: [VRFC 10-311] analyzing module md5_wrap_md5_transform
INFO: [VRFC 10-2263] Analyzing SystemVerilog file "D:/USTC/2023_AMD-Xilinx_Summer_Camp/MD5-Accelerator/md5_hls_prj/solution1/sim/verilog/md5_wrap_md5_wrap_Pipeline_VITIS_LOOP_127_1.v" into library xil_defaultlib
INFO: [VRFC 10-311] analyzing module md5_wrap_md5_wrap_Pipeline_VITIS_LOOP_127_1
INFO: [VRFC 10-2263] Analyzing SystemVerilog file "D:/USTC/2023_AMD-Xilinx_Summer_Camp/MD5-Accelerator/md5_hls_prj/solution1/sim/verilog/dataflow_monitor.sv" into library xil_defaultlib
INFO: [VRFC 10-311] analyzing module dataflow_monitor
Starting static elaboration
Pass Through NonSizing Optimizer
Completed static elaboration
Starting simulation data flow analysis
Completed simulation data flow analysis
Time Resolution for simulation is 1ps
Compiling package xil_defaultlib.$unit_dataflow_monitor_sv
Compiling module xil_defaultlib.md5_wrap_ctx_data_RAM_AUTO_1R1W
Compiling module xil_defaultlib.md5_wrap_md5_transform
Compiling module xil_defaultlib.md5_wrap_flow_control_loop_pipe_...
Compiling module xil_defaultlib.md5_wrap_md5_wrap_Pipeline_VITIS...
Compiling module xil_defaultlib.md5_wrap_md5_final_1_Pipeline_VI...
Compiling module xil_defaultlib.md5_wrap_md5_final_1_Pipeline_3
Compiling module xil_defaultlib.md5_wrap_md5_final_1_Pipeline_VI...
Compiling module xil_defaultlib.md5_wrap_md5_final_1_Pipeline_VI...
Compiling module xil_defaultlib.md5_wrap_md5_final_1
Compiling module xil_defaultlib.md5_wrap_CTRL_s_axi
Compiling module xil_defaultlib.md5_wrap_control_s_axi
Compiling module xil_defaultlib.md5_wrap_gmem_m_axi_srl(DATA_WID...
Compiling module xil_defaultlib.md5_wrap_gmem_m_axi_fifo(DATA_WI...
Compiling module xil_defaultlib.md5_wrap_gmem_m_axi_mem(MEM_STYL...
Compiling module xil_defaultlib.md5_wrap_gmem_m_axi_fifo(MEM_STY...
Compiling module xil_defaultlib.md5_wrap_gmem_m_axi_srl(DATA_WID...
Compiling module xil_defaultlib.md5_wrap_gmem_m_axi_fifo(DATA_WI...
Compiling module xil_defaultlib.md5_wrap_gmem_m_axi_srl(DATA_WID...
Compiling module xil_defaultlib.md5_wrap_gmem_m_axi_fifo(DATA_WI...
Compiling module xil_defaultlib.md5_wrap_gmem_m_axi_srl(DATA_WID...
Compiling module xil_defaultlib.md5_wrap_gmem_m_axi_fifo(DATA_WI...
Compiling module xil_defaultlib.md5_wrap_gmem_m_axi_store(NUM_WR...
Compiling module xil_defaultlib.md5_wrap_gmem_m_axi_mem(MEM_STYL...
Compiling module xil_defaultlib.md5_wrap_gmem_m_axi_fifo(MEM_STY...
Compiling module xil_defaultlib.md5_wrap_gmem_m_axi_srl(DATA_WID...
Compiling module xil_defaultlib.md5_wrap_gmem_m_axi_fifo(DATA_WI...
Compiling module xil_defaultlib.md5_wrap_gmem_m_axi_load(NUM_REA...
Compiling module xil_defaultlib.md5_wrap_gmem_m_axi_reg_slice(DA...
Compiling module xil_defaultlib.md5_wrap_gmem_m_axi_burst_conver...
Compiling module xil_defaultlib.md5_wrap_gmem_m_axi_srl(DATA_WID...
Compiling module xil_defaultlib.md5_wrap_gmem_m_axi_fifo(DATA_WI...
Compiling module xil_defaultlib.md5_wrap_gmem_m_axi_reg_slice(DA...
Compiling module xil_defaultlib.md5_wrap_gmem_m_axi_srl(DATA_WID...
Compiling module xil_defaultlib.md5_wrap_gmem_m_axi_fifo(DATA_WI...
Compiling module xil_defaultlib.md5_wrap_gmem_m_axi_srl(DATA_WID...
Compiling module xil_defaultlib.md5_wrap_gmem_m_axi_fifo(DATA_WI...
Compiling module xil_defaultlib.md5_wrap_gmem_m_axi_throttle(CON...
Compiling module xil_defaultlib.md5_wrap_gmem_m_axi_reg_slice(DA...
Compiling module xil_defaultlib.md5_wrap_gmem_m_axi_write(CONSER...
Compiling module xil_defaultlib.md5_wrap_gmem_m_axi_reg_slice(DA...
Compiling module xil_defaultlib.md5_wrap_gmem_m_axi_read(C_USER_...
Compiling module xil_defaultlib.md5_wrap_gmem_m_axi(CONSERVATIVE...
Compiling module xil_defaultlib.md5_wrap
Compiling module xil_defaultlib.AESL_axi_master_gmem
Compiling module xil_defaultlib.AESL_axi_slave_CTRL
Compiling module xil_defaultlib.AESL_axi_slave_control
Compiling module xil_defaultlib.nodf_module_intf
Compiling module xil_defaultlib.upc_loop_intf(FSM_WIDTH=108)
Compiling module xil_defaultlib.upc_loop_intf(FSM_WIDTH=1)
Compiling module xil_defaultlib.upc_loop_intf(FSM_WIDTH=4)
Compiling module xil_defaultlib.dataflow_monitor_1
Compiling module xil_defaultlib.apatb_md5_wrap_top
Compiling module work.glbl
Built simulation snapshot md5_wrap
