INFO: [SIM 2] *************** CSIM start ***************
INFO: [SIM 4] CSIM will launch GCC as the compiler.
   Compiling(apcc) ../../../../src/md5_test.c in debug mode
INFO: [HLS 200-10] Running 'D:/Work/Xilinx/Vitis_HLS/2023.1/bin/unwrapped/win64.o/apcc.exe'
INFO: [HLS 200-10] For user 'hanggu' on host 'desktop-njn6fij' (Windows NT_amd64 version 6.2) on Tue Jul 18 13:24:27 +0800 2023
INFO: [HLS 200-10] In directory 'D:/USTC/2023_AMD-Xilinx_Summer_Camp/MD5-Accelerator/md5_hls_prj/solution1/csim/build'
INFO: [APCC 202-3] Tmp directory is apcc_db
INFO: [APCC 202-1] APCC is done.
INFO: [HLS 200-112] Total CPU user time: 0 seconds. Total CPU system time: 0 seconds. Total elapsed time: 0.558 seconds; peak allocated memory: 5.848 MB.
   Compiling(apcc) ../../../../src/md5.c in debug mode
INFO: [HLS 200-10] Running 'D:/Work/Xilinx/Vitis_HLS/2023.1/bin/unwrapped/win64.o/apcc.exe'
INFO: [HLS 200-10] For user 'hanggu' on host 'desktop-njn6fij' (Windows NT_amd64 version 6.2) on Tue Jul 18 13:24:28 +0800 2023
INFO: [HLS 200-10] In directory 'D:/USTC/2023_AMD-Xilinx_Summer_Camp/MD5-Accelerator/md5_hls_prj/solution1/csim/build'
INFO: [APCC 202-3] Tmp directory is apcc_db
INFO: [APCC 202-1] APCC is done.
INFO: [HLS 200-112] Total CPU user time: 0 seconds. Total CPU system time: 0 seconds. Total elapsed time: 2.679 seconds; peak allocated memory: 7.277 MB.
   Generating csim.exe
MD5 tests: SUCCEEDED
INFO: [SIM 1] CSim done with 0 errors.
INFO: [SIM 3] *************** CSIM finish ***************
