   Build using "D:/Work/Xilinx/Vitis_HLS/2023.1/tps/win64/msys64/mingw64/bin/g++"
   Compiling apatb_md5_wrap.cpp
   Compiling (apcc) md5.c_pre.c.tb.c
INFO: [HLS 200-10] Running 'D:/Work/Xilinx/Vitis_HLS/2023.1/bin/unwrapped/win64.o/apcc.exe'
INFO: [HLS 200-10] For user 'hanggu' on host 'desktop-njn6fij' (Windows NT_amd64 version 6.2) on Tue Jul 18 13:25:48 +0800 2023
INFO: [HLS 200-10] In directory 'D:/USTC/2023_AMD-Xilinx_Summer_Camp/MD5-Accelerator/md5_hls_prj/solution1/sim/wrapc'
clang: warning: argument unused during compilation: '-fno-builtin-isinf'
clang: warning: argument unused during compilation: '-fno-builtin-isnan'
INFO: [APCC 202-3] Tmp directory is apcc_db
INFO: [APCC 202-1] APCC is done.
INFO: [HLS 200-112] Total CPU user time: 0 seconds. Total CPU system time: 0 seconds. Total elapsed time: 2.739 seconds; peak allocated memory: 8.062 MB.
   Compiling (apcc) md5_test.c_pre.c.tb.c
INFO: [HLS 200-10] Running 'D:/Work/Xilinx/Vitis_HLS/2023.1/bin/unwrapped/win64.o/apcc.exe'
INFO: [HLS 200-10] For user 'hanggu' on host 'desktop-njn6fij' (Windows NT_amd64 version 6.2) on Tue Jul 18 13:25:51 +0800 2023
INFO: [HLS 200-10] In directory 'D:/USTC/2023_AMD-Xilinx_Summer_Camp/MD5-Accelerator/md5_hls_prj/solution1/sim/wrapc'
clang: warning: argument unused during compilation: '-fno-builtin-isinf'
clang: warning: argument unused during compilation: '-fno-builtin-isnan'
INFO: [APCC 202-3] Tmp directory is apcc_db
INFO: [APCC 202-1] APCC is done.
INFO: [HLS 200-112] Total CPU user time: 0 seconds. Total CPU system time: 0 seconds. Total elapsed time: 0.473 seconds; peak allocated memory: 7.359 MB.
   Compiling apatb_md5_wrap_ir.ll
   Generating cosim.tv.exe
