

================================================================
== Vitis HLS Report for 'md5_wrap_Pipeline_VITIS_LOOP_127_1'
================================================================
* Date:           Tue Jul 18 13:24:57 2023

* Version:        2023.1 (Build 3854077 on May  4 2023)
* Project:        md5_hls_prj
* Solution:       solution1 (Vivado IP Flow Target)
* Product family: zynq
* Target device:  xc7z020-clg484-1


================================================================
== Performance Estimates
================================================================
+ Timing: 
    * Summary: 
    +--------+----------+----------+------------+
    |  Clock |  Target  | Estimated| Uncertainty|
    +--------+----------+----------+------------+
    |ap_clk  |  10.00 ns|  7.300 ns|     2.70 ns|
    +--------+----------+----------+------------+

+ Latency: 
    * Summary: 
    +---------+---------+----------+----------+-----+-----+---------+
    |  Latency (cycles) |  Latency (absolute) |  Interval | Pipeline|
    |   min   |   max   |    min   |    max   | min | max |   Type  |
    +---------+---------+----------+----------+-----+-----+---------+
    |        ?|        ?|         ?|         ?|    ?|    ?|       no|
    +---------+---------+----------+----------+-----+-----+---------+

    + Detail: 
        * Instance: 
        N/A

        * Loop: 
        +--------------------+---------+---------+----------+-----------+-----------+------+----------+
        |                    |  Latency (cycles) | Iteration|  Initiation Interval  | Trip |          |
        |      Loop Name     |   min   |   max   |  Latency |  achieved |   target  | Count| Pipelined|
        +--------------------+---------+---------+----------+-----------+-----------+------+----------+
        |- VITIS_LOOP_127_1  |        ?|        ?|       110|        108|          1|     ?|       yes|
        +--------------------+---------+---------+----------+-----------+-----------+------+----------+

============================================================
+ Verbose Summary: Synthesis Manager
============================================================
InlineROM: 1
ExposeGlobal: 0
============================================================
+ Verbose Summary: CDFG Model
============================================================
IsTopModel: 0
ResetActiveHigh: 1
IsCombinational: 0
IsDatapathOnly: 0
HasWiredReturn: 1
HasMFsm: 2
HasVarLatency: 1
IsPipeline: 0
IsRtlPipelined: 0
IsInstanceOverlapped: 0
IsDontTouch: 0
HasImplIP: 0
IsGatedGlobalClock: 0

+ Individual pipeline summary: 
  * Pipeline-0: initiation interval (II) = 108, depth = 111


============================================================
+ Verbose Summary: Schedule
============================================================
* Number of FSM states : 111
* Pipeline : 1
  Pipeline-0 : II = 108, D = 111, States = { 1 2 3 4 5 6 7 8 9 10 11 12 13 14 15 16 17 18 19 20 21 22 23 24 25 26 27 28 29 30 31 32 33 34 35 36 37 38 39 40 41 42 43 44 45 46 47 48 49 50 51 52 53 54 55 56 57 58 59 60 61 62 63 64 65 66 67 68 69 70 71 72 73 74 75 76 77 78 79 80 81 82 83 84 85 86 87 88 89 90 91 92 93 94 95 96 97 98 99 100 101 102 103 104 105 106 107 108 109 110 111 }
* Dataflow Pipeline: 0

* FSM state transitions: 
1 --> 2 
2 --> 3 
3 --> 4 
4 --> 5 
5 --> 6 
6 --> 7 
7 --> 8 
8 --> 9 
9 --> 10 
10 --> 11 
11 --> 12 
12 --> 13 
13 --> 14 
14 --> 15 
15 --> 16 
16 --> 17 
17 --> 18 
18 --> 19 
19 --> 20 
20 --> 21 
21 --> 22 
22 --> 23 
23 --> 24 
24 --> 25 
25 --> 26 
26 --> 27 
27 --> 28 
28 --> 29 
29 --> 30 
30 --> 31 
31 --> 32 
32 --> 33 
33 --> 34 
34 --> 35 
35 --> 36 
36 --> 37 
37 --> 38 
38 --> 39 
39 --> 40 
40 --> 41 
41 --> 42 
42 --> 43 
43 --> 44 
44 --> 45 
45 --> 46 
46 --> 47 
47 --> 48 
48 --> 49 
49 --> 50 
50 --> 51 
51 --> 52 
52 --> 53 
53 --> 54 
54 --> 55 
55 --> 56 
56 --> 57 
57 --> 58 
58 --> 59 
59 --> 60 
60 --> 61 
61 --> 62 
62 --> 63 
63 --> 64 
64 --> 65 
65 --> 66 
66 --> 67 
67 --> 68 
68 --> 69 
69 --> 70 
70 --> 71 
71 --> 72 
72 --> 73 
73 --> 74 
74 --> 75 
75 --> 76 
76 --> 77 
77 --> 78 
78 --> 79 
79 --> 80 
80 --> 81 
81 --> 82 
82 --> 83 
83 --> 84 
84 --> 85 
85 --> 86 
86 --> 87 
87 --> 88 
88 --> 89 
89 --> 90 
90 --> 91 
91 --> 92 
92 --> 93 
93 --> 94 
94 --> 95 
95 --> 96 
96 --> 97 
97 --> 98 
98 --> 99 
99 --> 100 
100 --> 101 
101 --> 102 
102 --> 103 
103 --> 104 
104 --> 105 
105 --> 106 
106 --> 107 
107 --> 108 
108 --> 109 
109 --> 110 
110 --> 111 
111 --> 

* FSM state operations: 

State 1 <SV = 0> <Delay = 1.58>
ST_1 : Operation 113 [1/1] (0.00ns)   --->   "%i = alloca i32 1"   --->   Operation 113 'alloca' 'i' <Predicate = true> <Delay = 0.00>
ST_1 : Operation 114 [1/1] (0.00ns)   --->   "%ctx_datalen = alloca i32 1"   --->   Operation 114 'alloca' 'ctx_datalen' <Predicate = true> <Delay = 0.00>
ST_1 : Operation 115 [1/1] (0.00ns)   --->   "%ctx_bitlen = alloca i32 1"   --->   Operation 115 'alloca' 'ctx_bitlen' <Predicate = true> <Delay = 0.00>
ST_1 : Operation 116 [1/1] (0.00ns)   --->   "%ctx_state_0_1 = alloca i32 1"   --->   Operation 116 'alloca' 'ctx_state_0_1' <Predicate = true> <Delay = 0.00>
ST_1 : Operation 117 [1/1] (0.00ns)   --->   "%ctx_state_1_1 = alloca i32 1"   --->   Operation 117 'alloca' 'ctx_state_1_1' <Predicate = true> <Delay = 0.00>
ST_1 : Operation 118 [1/1] (0.00ns)   --->   "%ctx_state_2_1 = alloca i32 1"   --->   Operation 118 'alloca' 'ctx_state_2_1' <Predicate = true> <Delay = 0.00>
ST_1 : Operation 119 [1/1] (0.00ns)   --->   "%ctx_state_3_1 = alloca i32 1"   --->   Operation 119 'alloca' 'ctx_state_3_1' <Predicate = true> <Delay = 0.00>
ST_1 : Operation 120 [1/1] (0.00ns)   --->   "%sext_ln190_read = read i32 @_ssdm_op_Read.ap_auto.i32, i32 %sext_ln190"   --->   Operation 120 'read' 'sext_ln190_read' <Predicate = true> <Delay = 0.00>
ST_1 : Operation 121 [1/1] (0.00ns)   --->   "%text_input_read = read i64 @_ssdm_op_Read.ap_auto.i64, i64 %text_input"   --->   Operation 121 'read' 'text_input_read' <Predicate = true> <Delay = 0.00>
ST_1 : Operation 122 [1/1] (0.00ns)   --->   "%sext_ln190_cast = sext i32 %sext_ln190_read"   --->   Operation 122 'sext' 'sext_ln190_cast' <Predicate = true> <Delay = 0.00>
ST_1 : Operation 123 [1/1] (0.00ns)   --->   "%specinterface_ln0 = specinterface void @_ssdm_op_SpecInterface, i8 %gmem, void @empty, i32 0, i32 0, void @empty_0, i32 0, i32 1024, void @empty_1, void @empty_2, void @empty_0, i32 16, i32 16, i32 16, i32 16, void @empty_0, void @empty_0, i32 4294967295, i32 0"   --->   Operation 123 'specinterface' 'specinterface_ln0' <Predicate = true> <Delay = 0.00>
ST_1 : Operation 124 [1/1] (1.58ns)   --->   "%store_ln0 = store i32 271733878, i32 %ctx_state_3_1"   --->   Operation 124 'store' 'store_ln0' <Predicate = true> <Delay = 1.58>
ST_1 : Operation 125 [1/1] (1.58ns)   --->   "%store_ln0 = store i32 2562383102, i32 %ctx_state_2_1"   --->   Operation 125 'store' 'store_ln0' <Predicate = true> <Delay = 1.58>
ST_1 : Operation 126 [1/1] (1.58ns)   --->   "%store_ln0 = store i32 4023233417, i32 %ctx_state_1_1"   --->   Operation 126 'store' 'store_ln0' <Predicate = true> <Delay = 1.58>
ST_1 : Operation 127 [1/1] (1.58ns)   --->   "%store_ln0 = store i32 1732584193, i32 %ctx_state_0_1"   --->   Operation 127 'store' 'store_ln0' <Predicate = true> <Delay = 1.58>
ST_1 : Operation 128 [1/1] (1.58ns)   --->   "%store_ln0 = store i64 0, i64 %ctx_bitlen"   --->   Operation 128 'store' 'store_ln0' <Predicate = true> <Delay = 1.58>
ST_1 : Operation 129 [1/1] (1.58ns)   --->   "%store_ln0 = store i32 0, i32 %ctx_datalen"   --->   Operation 129 'store' 'store_ln0' <Predicate = true> <Delay = 1.58>
ST_1 : Operation 130 [1/1] (1.58ns)   --->   "%store_ln0 = store i64 0, i64 %i"   --->   Operation 130 'store' 'store_ln0' <Predicate = true> <Delay = 1.58>
ST_1 : Operation 131 [1/1] (0.00ns)   --->   "%br_ln0 = br void %for.body.i"   --->   Operation 131 'br' 'br_ln0' <Predicate = true> <Delay = 0.00>

State 2 <SV = 1> <Delay = 5.10>
ST_2 : Operation 132 [1/1] (0.00ns)   --->   "%i_1 = load i64 %i" [src/md5.c:127->src/md5.c:190]   --->   Operation 132 'load' 'i_1' <Predicate = true> <Delay = 0.00>
ST_2 : Operation 133 [1/1] (0.00ns)   --->   "%specbitsmap_ln0 = specbitsmap void @_ssdm_op_SpecBitsMap, i8 %gmem"   --->   Operation 133 'specbitsmap' 'specbitsmap_ln0' <Predicate = true> <Delay = 0.00>
ST_2 : Operation 134 [1/1] (0.00ns)   --->   "%gmem_addr = getelementptr i8 %gmem, i64 %text_input_read" [src/md5.c:127->src/md5.c:190]   --->   Operation 134 'getelementptr' 'gmem_addr' <Predicate = true> <Delay = 0.00>
ST_2 : Operation 135 [1/1] (0.00ns)   --->   "%specpipeline_ln0 = specpipeline void @_ssdm_op_SpecPipeline, i32 4294967295, i32 0, i32 1, i32 0, void @p_str"   --->   Operation 135 'specpipeline' 'specpipeline_ln0' <Predicate = true> <Delay = 0.00>
ST_2 : Operation 136 [1/1] (3.52ns)   --->   "%icmp_ln127 = icmp_eq  i64 %i_1, i64 %sext_ln190_cast" [src/md5.c:127->src/md5.c:190]   --->   Operation 136 'icmp' 'icmp_ln127' <Predicate = true> <Delay = 3.52> <CoreInst = "Cmp">   --->   Core 9 'Cmp' <Latency = 0> <II = 1> <Delay = 3.52> <FuncUnit> <Opcode : 'icmp'> <InPorts = 2> <OutPorts = 1>
ST_2 : Operation 137 [1/1] (3.52ns)   --->   "%i_2 = add i64 %i_1, i64 1" [src/md5.c:127->src/md5.c:190]   --->   Operation 137 'add' 'i_2' <Predicate = true> <Delay = 3.52> <CoreInst = "Adder">   --->   Core 1 'Adder' <Latency = 0> <II = 1> <Delay = 3.52> <FuncUnit> <Opcode : 'add' 'sub'> <InPorts = 2> <OutPorts = 1>
ST_2 : Operation 138 [1/1] (0.00ns)   --->   "%br_ln127 = br i1 %icmp_ln127, void %for.body.i.split, void %md5_update.exit.loopexit.exitStub" [src/md5.c:127->src/md5.c:190]   --->   Operation 138 'br' 'br_ln127' <Predicate = true> <Delay = 0.00>
ST_2 : Operation 139 [1/1] (1.58ns)   --->   "%store_ln127 = store i64 %i_2, i64 %i" [src/md5.c:127->src/md5.c:190]   --->   Operation 139 'store' 'store_ln127' <Predicate = (!icmp_ln127)> <Delay = 1.58>
ST_2 : Operation 140 [1/1] (0.00ns)   --->   "%br_ln127 = br void %for.body.i" [src/md5.c:127->src/md5.c:190]   --->   Operation 140 'br' 'br_ln127' <Predicate = (!icmp_ln127)> <Delay = 0.00>

State 3 <SV = 2> <Delay = 7.30>
ST_3 : Operation 141 [1/1] (7.30ns)   --->   "%gmem_addr_read = read i8 @_ssdm_op_Read.m_axi.p1i8, i8 %gmem_addr" [src/md5.c:128->src/md5.c:190]   --->   Operation 141 'read' 'gmem_addr_read' <Predicate = (!icmp_ln127)> <Delay = 7.30> <CoreInst = "m_axi">   --->   Core 113 'm_axi' <Latency = 0> <II = 1> <Delay = 1.00> <Adapter> <Opcode : 'read' 'write' 'readreq' 'writereq' 'writeresp'>
ST_3 : Operation 276 [1/1] (0.00ns)   --->   "%ctx_datalen_load = load i32 %ctx_datalen"   --->   Operation 276 'load' 'ctx_datalen_load' <Predicate = (icmp_ln127)> <Delay = 0.00>
ST_3 : Operation 277 [1/1] (0.00ns)   --->   "%ctx_bitlen_load_1 = load i64 %ctx_bitlen"   --->   Operation 277 'load' 'ctx_bitlen_load_1' <Predicate = (icmp_ln127)> <Delay = 0.00>
ST_3 : Operation 278 [1/1] (0.00ns)   --->   "%ctx_state_0_1_load = load i32 %ctx_state_0_1"   --->   Operation 278 'load' 'ctx_state_0_1_load' <Predicate = (icmp_ln127)> <Delay = 0.00>
ST_3 : Operation 279 [1/1] (0.00ns)   --->   "%ctx_state_1_1_load = load i32 %ctx_state_1_1"   --->   Operation 279 'load' 'ctx_state_1_1_load' <Predicate = (icmp_ln127)> <Delay = 0.00>
ST_3 : Operation 280 [1/1] (0.00ns)   --->   "%ctx_state_2_1_load = load i32 %ctx_state_2_1"   --->   Operation 280 'load' 'ctx_state_2_1_load' <Predicate = (icmp_ln127)> <Delay = 0.00>
ST_3 : Operation 281 [1/1] (0.00ns)   --->   "%ctx_state_3_1_load = load i32 %ctx_state_3_1"   --->   Operation 281 'load' 'ctx_state_3_1_load' <Predicate = (icmp_ln127)> <Delay = 0.00>
ST_3 : Operation 282 [1/1] (0.00ns)   --->   "%write_ln0 = write void @_ssdm_op_Write.ap_auto.i32P0A, i32 %ctx_state_3_0_out, i32 %ctx_state_3_1_load"   --->   Operation 282 'write' 'write_ln0' <Predicate = (icmp_ln127)> <Delay = 0.00>
ST_3 : Operation 283 [1/1] (0.00ns)   --->   "%write_ln0 = write void @_ssdm_op_Write.ap_auto.i32P0A, i32 %ctx_state_2_0_out, i32 %ctx_state_2_1_load"   --->   Operation 283 'write' 'write_ln0' <Predicate = (icmp_ln127)> <Delay = 0.00>
ST_3 : Operation 284 [1/1] (0.00ns)   --->   "%write_ln0 = write void @_ssdm_op_Write.ap_auto.i32P0A, i32 %ctx_state_1_0_out, i32 %ctx_state_1_1_load"   --->   Operation 284 'write' 'write_ln0' <Predicate = (icmp_ln127)> <Delay = 0.00>
ST_3 : Operation 285 [1/1] (0.00ns)   --->   "%write_ln0 = write void @_ssdm_op_Write.ap_auto.i32P0A, i32 %ctx_state_0_0_out, i32 %ctx_state_0_1_load"   --->   Operation 285 'write' 'write_ln0' <Predicate = (icmp_ln127)> <Delay = 0.00>
ST_3 : Operation 286 [1/1] (0.00ns)   --->   "%write_ln0 = write void @_ssdm_op_Write.ap_auto.i64P0A, i64 %ctx_bitlen_out, i64 %ctx_bitlen_load_1"   --->   Operation 286 'write' 'write_ln0' <Predicate = (icmp_ln127)> <Delay = 0.00>
ST_3 : Operation 287 [1/1] (0.00ns)   --->   "%write_ln0 = write void @_ssdm_op_Write.ap_auto.i32P0A, i32 %p_out, i32 %ctx_datalen_load"   --->   Operation 287 'write' 'write_ln0' <Predicate = (icmp_ln127)> <Delay = 0.00>
ST_3 : Operation 288 [1/1] (0.00ns)   --->   "%ret_ln0 = ret"   --->   Operation 288 'ret' 'ret_ln0' <Predicate = (icmp_ln127)> <Delay = 0.00>

State 4 <SV = 3> <Delay = 6.69>
ST_4 : Operation 142 [1/1] (0.00ns)   --->   "%ctx_datalen_load_1 = load i32 %ctx_datalen" [src/md5.c:129->src/md5.c:190]   --->   Operation 142 'load' 'ctx_datalen_load_1' <Predicate = (!icmp_ln127)> <Delay = 0.00>
ST_4 : Operation 143 [1/1] (0.00ns)   --->   "%specloopname_ln127 = specloopname void @_ssdm_op_SpecLoopName, void @empty_12" [src/md5.c:127->src/md5.c:190]   --->   Operation 143 'specloopname' 'specloopname_ln127' <Predicate = (!icmp_ln127)> <Delay = 0.00>
ST_4 : Operation 144 [1/1] (0.00ns)   --->   "%zext_ln128 = zext i32 %ctx_datalen_load_1" [src/md5.c:128->src/md5.c:190]   --->   Operation 144 'zext' 'zext_ln128' <Predicate = (!icmp_ln127)> <Delay = 0.00>
ST_4 : Operation 145 [1/1] (0.00ns)   --->   "%ctx_data_addr = getelementptr i8 %ctx_data, i64 0, i64 %zext_ln128" [src/md5.c:128->src/md5.c:190]   --->   Operation 145 'getelementptr' 'ctx_data_addr' <Predicate = (!icmp_ln127)> <Delay = 0.00>
ST_4 : Operation 146 [1/1] (2.32ns)   --->   "%store_ln128 = store i8 %gmem_addr_read, i6 %ctx_data_addr" [src/md5.c:128->src/md5.c:190]   --->   Operation 146 'store' 'store_ln128' <Predicate = (!icmp_ln127)> <Delay = 2.32> <CoreInst = "RAM">   --->   Core 82 'RAM' <Latency = 1> <II = 1> <Delay = 2.32> <Storage> <Opcode : 'load' 'store'> <Ports = 2> <Width = 8> <Depth = 64> <RAM>
ST_4 : Operation 147 [1/1] (2.55ns)   --->   "%add_ln129 = add i32 %ctx_datalen_load_1, i32 1" [src/md5.c:129->src/md5.c:190]   --->   Operation 147 'add' 'add_ln129' <Predicate = (!icmp_ln127)> <Delay = 2.55> <CoreInst = "Adder">   --->   Core 1 'Adder' <Latency = 0> <II = 1> <Delay = 2.55> <FuncUnit> <Opcode : 'add' 'sub'> <InPorts = 2> <OutPorts = 1>
ST_4 : Operation 148 [1/1] (2.55ns)   --->   "%icmp_ln130 = icmp_eq  i32 %add_ln129, i32 64" [src/md5.c:130->src/md5.c:190]   --->   Operation 148 'icmp' 'icmp_ln130' <Predicate = (!icmp_ln127)> <Delay = 2.55> <CoreInst = "Cmp">   --->   Core 9 'Cmp' <Latency = 0> <II = 1> <Delay = 2.55> <FuncUnit> <Opcode : 'icmp'> <InPorts = 2> <OutPorts = 1>
ST_4 : Operation 149 [1/1] (0.00ns)   --->   "%br_ln130 = br i1 %icmp_ln130, void %for.body.i.split.for.inc.i_crit_edge, void %if.then.i" [src/md5.c:130->src/md5.c:190]   --->   Operation 149 'br' 'br_ln130' <Predicate = (!icmp_ln127)> <Delay = 0.00>
ST_4 : Operation 150 [1/1] (1.58ns)   --->   "%store_ln130 = store i32 %add_ln129, i32 %ctx_datalen" [src/md5.c:130->src/md5.c:190]   --->   Operation 150 'store' 'store_ln130' <Predicate = (!icmp_ln127 & !icmp_ln130)> <Delay = 1.58>
ST_4 : Operation 151 [1/1] (0.00ns)   --->   "%br_ln130 = br void %for.inc.i" [src/md5.c:130->src/md5.c:190]   --->   Operation 151 'br' 'br_ln130' <Predicate = (!icmp_ln127 & !icmp_ln130)> <Delay = 0.00>

State 5 <SV = 4> <Delay = 6.92>
ST_5 : Operation 152 [1/1] (0.00ns)   --->   "%ctx_bitlen_load = load i64 %ctx_bitlen" [src/md5.c:132->src/md5.c:190]   --->   Operation 152 'load' 'ctx_bitlen_load' <Predicate = (!icmp_ln127 & icmp_ln130)> <Delay = 0.00>
ST_5 : Operation 153 [1/1] (0.00ns)   --->   "%ctx_state_0_1_load_1 = load i32 %ctx_state_0_1" [src/md5.c:131->src/md5.c:190]   --->   Operation 153 'load' 'ctx_state_0_1_load_1' <Predicate = (!icmp_ln127 & icmp_ln130)> <Delay = 0.00>
ST_5 : Operation 154 [1/1] (0.00ns)   --->   "%ctx_state_1_1_load_1 = load i32 %ctx_state_1_1" [src/md5.c:131->src/md5.c:190]   --->   Operation 154 'load' 'ctx_state_1_1_load_1' <Predicate = (!icmp_ln127 & icmp_ln130)> <Delay = 0.00>
ST_5 : Operation 155 [1/1] (0.00ns)   --->   "%ctx_state_2_1_load_1 = load i32 %ctx_state_2_1" [src/md5.c:131->src/md5.c:190]   --->   Operation 155 'load' 'ctx_state_2_1_load_1' <Predicate = (!icmp_ln127 & icmp_ln130)> <Delay = 0.00>
ST_5 : Operation 156 [1/1] (0.00ns)   --->   "%ctx_state_3_1_load_1 = load i32 %ctx_state_3_1" [src/md5.c:131->src/md5.c:190]   --->   Operation 156 'load' 'ctx_state_3_1_load_1' <Predicate = (!icmp_ln127 & icmp_ln130)> <Delay = 0.00>
ST_5 : Operation 157 [107/107] (6.92ns)   --->   "%call_ret = call i128 @md5_transform, i32 %ctx_state_0_1_load_1, i32 %ctx_state_1_1_load_1, i32 %ctx_state_2_1_load_1, i32 %ctx_state_3_1_load_1, i8 %ctx_data" [src/md5.c:131->src/md5.c:190]   --->   Operation 157 'call' 'call_ret' <Predicate = (!icmp_ln127 & icmp_ln130)> <Delay = 6.92> <CoreType = "Generic">   --->   Core 0 '' <Latency = 0> <II = 1> <Delay = 1.00> <Generic> <Opcode : >
ST_5 : Operation 158 [1/1] (3.52ns)   --->   "%add_ln132 = add i64 %ctx_bitlen_load, i64 512" [src/md5.c:132->src/md5.c:190]   --->   Operation 158 'add' 'add_ln132' <Predicate = (!icmp_ln127 & icmp_ln130)> <Delay = 3.52> <CoreInst = "Adder">   --->   Core 1 'Adder' <Latency = 0> <II = 1> <Delay = 3.52> <FuncUnit> <Opcode : 'add' 'sub'> <InPorts = 2> <OutPorts = 1>
ST_5 : Operation 159 [1/1] (1.58ns)   --->   "%store_ln134 = store i64 %add_ln132, i64 %ctx_bitlen" [src/md5.c:134->src/md5.c:190]   --->   Operation 159 'store' 'store_ln134' <Predicate = (!icmp_ln127 & icmp_ln130)> <Delay = 1.58>
ST_5 : Operation 160 [1/1] (1.58ns)   --->   "%store_ln134 = store i32 0, i32 %ctx_datalen" [src/md5.c:134->src/md5.c:190]   --->   Operation 160 'store' 'store_ln134' <Predicate = (!icmp_ln127 & icmp_ln130)> <Delay = 1.58>

State 6 <SV = 5> <Delay = 6.92>
ST_6 : Operation 161 [106/107] (6.92ns)   --->   "%call_ret = call i128 @md5_transform, i32 %ctx_state_0_1_load_1, i32 %ctx_state_1_1_load_1, i32 %ctx_state_2_1_load_1, i32 %ctx_state_3_1_load_1, i8 %ctx_data" [src/md5.c:131->src/md5.c:190]   --->   Operation 161 'call' 'call_ret' <Predicate = (!icmp_ln127 & icmp_ln130)> <Delay = 6.92> <CoreType = "Generic">   --->   Core 0 '' <Latency = 0> <II = 1> <Delay = 1.00> <Generic> <Opcode : >

State 7 <SV = 6> <Delay = 6.92>
ST_7 : Operation 162 [105/107] (6.92ns)   --->   "%call_ret = call i128 @md5_transform, i32 %ctx_state_0_1_load_1, i32 %ctx_state_1_1_load_1, i32 %ctx_state_2_1_load_1, i32 %ctx_state_3_1_load_1, i8 %ctx_data" [src/md5.c:131->src/md5.c:190]   --->   Operation 162 'call' 'call_ret' <Predicate = (!icmp_ln127 & icmp_ln130)> <Delay = 6.92> <CoreType = "Generic">   --->   Core 0 '' <Latency = 0> <II = 1> <Delay = 1.00> <Generic> <Opcode : >

State 8 <SV = 7> <Delay = 6.92>
ST_8 : Operation 163 [104/107] (6.92ns)   --->   "%call_ret = call i128 @md5_transform, i32 %ctx_state_0_1_load_1, i32 %ctx_state_1_1_load_1, i32 %ctx_state_2_1_load_1, i32 %ctx_state_3_1_load_1, i8 %ctx_data" [src/md5.c:131->src/md5.c:190]   --->   Operation 163 'call' 'call_ret' <Predicate = (!icmp_ln127 & icmp_ln130)> <Delay = 6.92> <CoreType = "Generic">   --->   Core 0 '' <Latency = 0> <II = 1> <Delay = 1.00> <Generic> <Opcode : >

State 9 <SV = 8> <Delay = 6.92>
ST_9 : Operation 164 [103/107] (6.92ns)   --->   "%call_ret = call i128 @md5_transform, i32 %ctx_state_0_1_load_1, i32 %ctx_state_1_1_load_1, i32 %ctx_state_2_1_load_1, i32 %ctx_state_3_1_load_1, i8 %ctx_data" [src/md5.c:131->src/md5.c:190]   --->   Operation 164 'call' 'call_ret' <Predicate = (!icmp_ln127 & icmp_ln130)> <Delay = 6.92> <CoreType = "Generic">   --->   Core 0 '' <Latency = 0> <II = 1> <Delay = 1.00> <Generic> <Opcode : >

State 10 <SV = 9> <Delay = 6.92>
ST_10 : Operation 165 [102/107] (6.92ns)   --->   "%call_ret = call i128 @md5_transform, i32 %ctx_state_0_1_load_1, i32 %ctx_state_1_1_load_1, i32 %ctx_state_2_1_load_1, i32 %ctx_state_3_1_load_1, i8 %ctx_data" [src/md5.c:131->src/md5.c:190]   --->   Operation 165 'call' 'call_ret' <Predicate = (!icmp_ln127 & icmp_ln130)> <Delay = 6.92> <CoreType = "Generic">   --->   Core 0 '' <Latency = 0> <II = 1> <Delay = 1.00> <Generic> <Opcode : >

State 11 <SV = 10> <Delay = 6.92>
ST_11 : Operation 166 [101/107] (6.92ns)   --->   "%call_ret = call i128 @md5_transform, i32 %ctx_state_0_1_load_1, i32 %ctx_state_1_1_load_1, i32 %ctx_state_2_1_load_1, i32 %ctx_state_3_1_load_1, i8 %ctx_data" [src/md5.c:131->src/md5.c:190]   --->   Operation 166 'call' 'call_ret' <Predicate = (!icmp_ln127 & icmp_ln130)> <Delay = 6.92> <CoreType = "Generic">   --->   Core 0 '' <Latency = 0> <II = 1> <Delay = 1.00> <Generic> <Opcode : >

State 12 <SV = 11> <Delay = 6.92>
ST_12 : Operation 167 [100/107] (6.92ns)   --->   "%call_ret = call i128 @md5_transform, i32 %ctx_state_0_1_load_1, i32 %ctx_state_1_1_load_1, i32 %ctx_state_2_1_load_1, i32 %ctx_state_3_1_load_1, i8 %ctx_data" [src/md5.c:131->src/md5.c:190]   --->   Operation 167 'call' 'call_ret' <Predicate = (!icmp_ln127 & icmp_ln130)> <Delay = 6.92> <CoreType = "Generic">   --->   Core 0 '' <Latency = 0> <II = 1> <Delay = 1.00> <Generic> <Opcode : >

State 13 <SV = 12> <Delay = 6.92>
ST_13 : Operation 168 [99/107] (6.92ns)   --->   "%call_ret = call i128 @md5_transform, i32 %ctx_state_0_1_load_1, i32 %ctx_state_1_1_load_1, i32 %ctx_state_2_1_load_1, i32 %ctx_state_3_1_load_1, i8 %ctx_data" [src/md5.c:131->src/md5.c:190]   --->   Operation 168 'call' 'call_ret' <Predicate = (!icmp_ln127 & icmp_ln130)> <Delay = 6.92> <CoreType = "Generic">   --->   Core 0 '' <Latency = 0> <II = 1> <Delay = 1.00> <Generic> <Opcode : >

State 14 <SV = 13> <Delay = 6.92>
ST_14 : Operation 169 [98/107] (6.92ns)   --->   "%call_ret = call i128 @md5_transform, i32 %ctx_state_0_1_load_1, i32 %ctx_state_1_1_load_1, i32 %ctx_state_2_1_load_1, i32 %ctx_state_3_1_load_1, i8 %ctx_data" [src/md5.c:131->src/md5.c:190]   --->   Operation 169 'call' 'call_ret' <Predicate = (!icmp_ln127 & icmp_ln130)> <Delay = 6.92> <CoreType = "Generic">   --->   Core 0 '' <Latency = 0> <II = 1> <Delay = 1.00> <Generic> <Opcode : >

State 15 <SV = 14> <Delay = 6.92>
ST_15 : Operation 170 [97/107] (6.92ns)   --->   "%call_ret = call i128 @md5_transform, i32 %ctx_state_0_1_load_1, i32 %ctx_state_1_1_load_1, i32 %ctx_state_2_1_load_1, i32 %ctx_state_3_1_load_1, i8 %ctx_data" [src/md5.c:131->src/md5.c:190]   --->   Operation 170 'call' 'call_ret' <Predicate = (!icmp_ln127 & icmp_ln130)> <Delay = 6.92> <CoreType = "Generic">   --->   Core 0 '' <Latency = 0> <II = 1> <Delay = 1.00> <Generic> <Opcode : >

State 16 <SV = 15> <Delay = 6.92>
ST_16 : Operation 171 [96/107] (6.92ns)   --->   "%call_ret = call i128 @md5_transform, i32 %ctx_state_0_1_load_1, i32 %ctx_state_1_1_load_1, i32 %ctx_state_2_1_load_1, i32 %ctx_state_3_1_load_1, i8 %ctx_data" [src/md5.c:131->src/md5.c:190]   --->   Operation 171 'call' 'call_ret' <Predicate = (!icmp_ln127 & icmp_ln130)> <Delay = 6.92> <CoreType = "Generic">   --->   Core 0 '' <Latency = 0> <II = 1> <Delay = 1.00> <Generic> <Opcode : >

State 17 <SV = 16> <Delay = 6.92>
ST_17 : Operation 172 [95/107] (6.92ns)   --->   "%call_ret = call i128 @md5_transform, i32 %ctx_state_0_1_load_1, i32 %ctx_state_1_1_load_1, i32 %ctx_state_2_1_load_1, i32 %ctx_state_3_1_load_1, i8 %ctx_data" [src/md5.c:131->src/md5.c:190]   --->   Operation 172 'call' 'call_ret' <Predicate = (!icmp_ln127 & icmp_ln130)> <Delay = 6.92> <CoreType = "Generic">   --->   Core 0 '' <Latency = 0> <II = 1> <Delay = 1.00> <Generic> <Opcode : >

State 18 <SV = 17> <Delay = 6.92>
ST_18 : Operation 173 [94/107] (6.92ns)   --->   "%call_ret = call i128 @md5_transform, i32 %ctx_state_0_1_load_1, i32 %ctx_state_1_1_load_1, i32 %ctx_state_2_1_load_1, i32 %ctx_state_3_1_load_1, i8 %ctx_data" [src/md5.c:131->src/md5.c:190]   --->   Operation 173 'call' 'call_ret' <Predicate = (!icmp_ln127 & icmp_ln130)> <Delay = 6.92> <CoreType = "Generic">   --->   Core 0 '' <Latency = 0> <II = 1> <Delay = 1.00> <Generic> <Opcode : >

State 19 <SV = 18> <Delay = 6.92>
ST_19 : Operation 174 [93/107] (6.92ns)   --->   "%call_ret = call i128 @md5_transform, i32 %ctx_state_0_1_load_1, i32 %ctx_state_1_1_load_1, i32 %ctx_state_2_1_load_1, i32 %ctx_state_3_1_load_1, i8 %ctx_data" [src/md5.c:131->src/md5.c:190]   --->   Operation 174 'call' 'call_ret' <Predicate = (!icmp_ln127 & icmp_ln130)> <Delay = 6.92> <CoreType = "Generic">   --->   Core 0 '' <Latency = 0> <II = 1> <Delay = 1.00> <Generic> <Opcode : >

State 20 <SV = 19> <Delay = 6.92>
ST_20 : Operation 175 [92/107] (6.92ns)   --->   "%call_ret = call i128 @md5_transform, i32 %ctx_state_0_1_load_1, i32 %ctx_state_1_1_load_1, i32 %ctx_state_2_1_load_1, i32 %ctx_state_3_1_load_1, i8 %ctx_data" [src/md5.c:131->src/md5.c:190]   --->   Operation 175 'call' 'call_ret' <Predicate = (!icmp_ln127 & icmp_ln130)> <Delay = 6.92> <CoreType = "Generic">   --->   Core 0 '' <Latency = 0> <II = 1> <Delay = 1.00> <Generic> <Opcode : >

State 21 <SV = 20> <Delay = 6.92>
ST_21 : Operation 176 [91/107] (6.92ns)   --->   "%call_ret = call i128 @md5_transform, i32 %ctx_state_0_1_load_1, i32 %ctx_state_1_1_load_1, i32 %ctx_state_2_1_load_1, i32 %ctx_state_3_1_load_1, i8 %ctx_data" [src/md5.c:131->src/md5.c:190]   --->   Operation 176 'call' 'call_ret' <Predicate = (!icmp_ln127 & icmp_ln130)> <Delay = 6.92> <CoreType = "Generic">   --->   Core 0 '' <Latency = 0> <II = 1> <Delay = 1.00> <Generic> <Opcode : >

State 22 <SV = 21> <Delay = 6.92>
ST_22 : Operation 177 [90/107] (6.92ns)   --->   "%call_ret = call i128 @md5_transform, i32 %ctx_state_0_1_load_1, i32 %ctx_state_1_1_load_1, i32 %ctx_state_2_1_load_1, i32 %ctx_state_3_1_load_1, i8 %ctx_data" [src/md5.c:131->src/md5.c:190]   --->   Operation 177 'call' 'call_ret' <Predicate = (!icmp_ln127 & icmp_ln130)> <Delay = 6.92> <CoreType = "Generic">   --->   Core 0 '' <Latency = 0> <II = 1> <Delay = 1.00> <Generic> <Opcode : >

State 23 <SV = 22> <Delay = 6.92>
ST_23 : Operation 178 [89/107] (6.92ns)   --->   "%call_ret = call i128 @md5_transform, i32 %ctx_state_0_1_load_1, i32 %ctx_state_1_1_load_1, i32 %ctx_state_2_1_load_1, i32 %ctx_state_3_1_load_1, i8 %ctx_data" [src/md5.c:131->src/md5.c:190]   --->   Operation 178 'call' 'call_ret' <Predicate = (!icmp_ln127 & icmp_ln130)> <Delay = 6.92> <CoreType = "Generic">   --->   Core 0 '' <Latency = 0> <II = 1> <Delay = 1.00> <Generic> <Opcode : >

State 24 <SV = 23> <Delay = 6.92>
ST_24 : Operation 179 [88/107] (6.92ns)   --->   "%call_ret = call i128 @md5_transform, i32 %ctx_state_0_1_load_1, i32 %ctx_state_1_1_load_1, i32 %ctx_state_2_1_load_1, i32 %ctx_state_3_1_load_1, i8 %ctx_data" [src/md5.c:131->src/md5.c:190]   --->   Operation 179 'call' 'call_ret' <Predicate = (!icmp_ln127 & icmp_ln130)> <Delay = 6.92> <CoreType = "Generic">   --->   Core 0 '' <Latency = 0> <II = 1> <Delay = 1.00> <Generic> <Opcode : >

State 25 <SV = 24> <Delay = 6.92>
ST_25 : Operation 180 [87/107] (6.92ns)   --->   "%call_ret = call i128 @md5_transform, i32 %ctx_state_0_1_load_1, i32 %ctx_state_1_1_load_1, i32 %ctx_state_2_1_load_1, i32 %ctx_state_3_1_load_1, i8 %ctx_data" [src/md5.c:131->src/md5.c:190]   --->   Operation 180 'call' 'call_ret' <Predicate = (!icmp_ln127 & icmp_ln130)> <Delay = 6.92> <CoreType = "Generic">   --->   Core 0 '' <Latency = 0> <II = 1> <Delay = 1.00> <Generic> <Opcode : >

State 26 <SV = 25> <Delay = 6.92>
ST_26 : Operation 181 [86/107] (6.92ns)   --->   "%call_ret = call i128 @md5_transform, i32 %ctx_state_0_1_load_1, i32 %ctx_state_1_1_load_1, i32 %ctx_state_2_1_load_1, i32 %ctx_state_3_1_load_1, i8 %ctx_data" [src/md5.c:131->src/md5.c:190]   --->   Operation 181 'call' 'call_ret' <Predicate = (!icmp_ln127 & icmp_ln130)> <Delay = 6.92> <CoreType = "Generic">   --->   Core 0 '' <Latency = 0> <II = 1> <Delay = 1.00> <Generic> <Opcode : >

State 27 <SV = 26> <Delay = 6.92>
ST_27 : Operation 182 [85/107] (6.92ns)   --->   "%call_ret = call i128 @md5_transform, i32 %ctx_state_0_1_load_1, i32 %ctx_state_1_1_load_1, i32 %ctx_state_2_1_load_1, i32 %ctx_state_3_1_load_1, i8 %ctx_data" [src/md5.c:131->src/md5.c:190]   --->   Operation 182 'call' 'call_ret' <Predicate = (!icmp_ln127 & icmp_ln130)> <Delay = 6.92> <CoreType = "Generic">   --->   Core 0 '' <Latency = 0> <II = 1> <Delay = 1.00> <Generic> <Opcode : >

State 28 <SV = 27> <Delay = 6.92>
ST_28 : Operation 183 [84/107] (6.92ns)   --->   "%call_ret = call i128 @md5_transform, i32 %ctx_state_0_1_load_1, i32 %ctx_state_1_1_load_1, i32 %ctx_state_2_1_load_1, i32 %ctx_state_3_1_load_1, i8 %ctx_data" [src/md5.c:131->src/md5.c:190]   --->   Operation 183 'call' 'call_ret' <Predicate = (!icmp_ln127 & icmp_ln130)> <Delay = 6.92> <CoreType = "Generic">   --->   Core 0 '' <Latency = 0> <II = 1> <Delay = 1.00> <Generic> <Opcode : >

State 29 <SV = 28> <Delay = 6.92>
ST_29 : Operation 184 [83/107] (6.92ns)   --->   "%call_ret = call i128 @md5_transform, i32 %ctx_state_0_1_load_1, i32 %ctx_state_1_1_load_1, i32 %ctx_state_2_1_load_1, i32 %ctx_state_3_1_load_1, i8 %ctx_data" [src/md5.c:131->src/md5.c:190]   --->   Operation 184 'call' 'call_ret' <Predicate = (!icmp_ln127 & icmp_ln130)> <Delay = 6.92> <CoreType = "Generic">   --->   Core 0 '' <Latency = 0> <II = 1> <Delay = 1.00> <Generic> <Opcode : >

State 30 <SV = 29> <Delay = 6.92>
ST_30 : Operation 185 [82/107] (6.92ns)   --->   "%call_ret = call i128 @md5_transform, i32 %ctx_state_0_1_load_1, i32 %ctx_state_1_1_load_1, i32 %ctx_state_2_1_load_1, i32 %ctx_state_3_1_load_1, i8 %ctx_data" [src/md5.c:131->src/md5.c:190]   --->   Operation 185 'call' 'call_ret' <Predicate = (!icmp_ln127 & icmp_ln130)> <Delay = 6.92> <CoreType = "Generic">   --->   Core 0 '' <Latency = 0> <II = 1> <Delay = 1.00> <Generic> <Opcode : >

State 31 <SV = 30> <Delay = 6.92>
ST_31 : Operation 186 [81/107] (6.92ns)   --->   "%call_ret = call i128 @md5_transform, i32 %ctx_state_0_1_load_1, i32 %ctx_state_1_1_load_1, i32 %ctx_state_2_1_load_1, i32 %ctx_state_3_1_load_1, i8 %ctx_data" [src/md5.c:131->src/md5.c:190]   --->   Operation 186 'call' 'call_ret' <Predicate = (!icmp_ln127 & icmp_ln130)> <Delay = 6.92> <CoreType = "Generic">   --->   Core 0 '' <Latency = 0> <II = 1> <Delay = 1.00> <Generic> <Opcode : >

State 32 <SV = 31> <Delay = 6.92>
ST_32 : Operation 187 [80/107] (6.92ns)   --->   "%call_ret = call i128 @md5_transform, i32 %ctx_state_0_1_load_1, i32 %ctx_state_1_1_load_1, i32 %ctx_state_2_1_load_1, i32 %ctx_state_3_1_load_1, i8 %ctx_data" [src/md5.c:131->src/md5.c:190]   --->   Operation 187 'call' 'call_ret' <Predicate = (!icmp_ln127 & icmp_ln130)> <Delay = 6.92> <CoreType = "Generic">   --->   Core 0 '' <Latency = 0> <II = 1> <Delay = 1.00> <Generic> <Opcode : >

State 33 <SV = 32> <Delay = 6.92>
ST_33 : Operation 188 [79/107] (6.92ns)   --->   "%call_ret = call i128 @md5_transform, i32 %ctx_state_0_1_load_1, i32 %ctx_state_1_1_load_1, i32 %ctx_state_2_1_load_1, i32 %ctx_state_3_1_load_1, i8 %ctx_data" [src/md5.c:131->src/md5.c:190]   --->   Operation 188 'call' 'call_ret' <Predicate = (!icmp_ln127 & icmp_ln130)> <Delay = 6.92> <CoreType = "Generic">   --->   Core 0 '' <Latency = 0> <II = 1> <Delay = 1.00> <Generic> <Opcode : >

State 34 <SV = 33> <Delay = 6.92>
ST_34 : Operation 189 [78/107] (6.92ns)   --->   "%call_ret = call i128 @md5_transform, i32 %ctx_state_0_1_load_1, i32 %ctx_state_1_1_load_1, i32 %ctx_state_2_1_load_1, i32 %ctx_state_3_1_load_1, i8 %ctx_data" [src/md5.c:131->src/md5.c:190]   --->   Operation 189 'call' 'call_ret' <Predicate = (!icmp_ln127 & icmp_ln130)> <Delay = 6.92> <CoreType = "Generic">   --->   Core 0 '' <Latency = 0> <II = 1> <Delay = 1.00> <Generic> <Opcode : >

State 35 <SV = 34> <Delay = 6.92>
ST_35 : Operation 190 [77/107] (6.92ns)   --->   "%call_ret = call i128 @md5_transform, i32 %ctx_state_0_1_load_1, i32 %ctx_state_1_1_load_1, i32 %ctx_state_2_1_load_1, i32 %ctx_state_3_1_load_1, i8 %ctx_data" [src/md5.c:131->src/md5.c:190]   --->   Operation 190 'call' 'call_ret' <Predicate = (!icmp_ln127 & icmp_ln130)> <Delay = 6.92> <CoreType = "Generic">   --->   Core 0 '' <Latency = 0> <II = 1> <Delay = 1.00> <Generic> <Opcode : >

State 36 <SV = 35> <Delay = 6.92>
ST_36 : Operation 191 [76/107] (6.92ns)   --->   "%call_ret = call i128 @md5_transform, i32 %ctx_state_0_1_load_1, i32 %ctx_state_1_1_load_1, i32 %ctx_state_2_1_load_1, i32 %ctx_state_3_1_load_1, i8 %ctx_data" [src/md5.c:131->src/md5.c:190]   --->   Operation 191 'call' 'call_ret' <Predicate = (!icmp_ln127 & icmp_ln130)> <Delay = 6.92> <CoreType = "Generic">   --->   Core 0 '' <Latency = 0> <II = 1> <Delay = 1.00> <Generic> <Opcode : >

State 37 <SV = 36> <Delay = 6.92>
ST_37 : Operation 192 [75/107] (6.92ns)   --->   "%call_ret = call i128 @md5_transform, i32 %ctx_state_0_1_load_1, i32 %ctx_state_1_1_load_1, i32 %ctx_state_2_1_load_1, i32 %ctx_state_3_1_load_1, i8 %ctx_data" [src/md5.c:131->src/md5.c:190]   --->   Operation 192 'call' 'call_ret' <Predicate = (!icmp_ln127 & icmp_ln130)> <Delay = 6.92> <CoreType = "Generic">   --->   Core 0 '' <Latency = 0> <II = 1> <Delay = 1.00> <Generic> <Opcode : >

State 38 <SV = 37> <Delay = 6.92>
ST_38 : Operation 193 [74/107] (6.92ns)   --->   "%call_ret = call i128 @md5_transform, i32 %ctx_state_0_1_load_1, i32 %ctx_state_1_1_load_1, i32 %ctx_state_2_1_load_1, i32 %ctx_state_3_1_load_1, i8 %ctx_data" [src/md5.c:131->src/md5.c:190]   --->   Operation 193 'call' 'call_ret' <Predicate = (!icmp_ln127 & icmp_ln130)> <Delay = 6.92> <CoreType = "Generic">   --->   Core 0 '' <Latency = 0> <II = 1> <Delay = 1.00> <Generic> <Opcode : >

State 39 <SV = 38> <Delay = 6.92>
ST_39 : Operation 194 [73/107] (6.92ns)   --->   "%call_ret = call i128 @md5_transform, i32 %ctx_state_0_1_load_1, i32 %ctx_state_1_1_load_1, i32 %ctx_state_2_1_load_1, i32 %ctx_state_3_1_load_1, i8 %ctx_data" [src/md5.c:131->src/md5.c:190]   --->   Operation 194 'call' 'call_ret' <Predicate = (!icmp_ln127 & icmp_ln130)> <Delay = 6.92> <CoreType = "Generic">   --->   Core 0 '' <Latency = 0> <II = 1> <Delay = 1.00> <Generic> <Opcode : >

State 40 <SV = 39> <Delay = 6.92>
ST_40 : Operation 195 [72/107] (6.92ns)   --->   "%call_ret = call i128 @md5_transform, i32 %ctx_state_0_1_load_1, i32 %ctx_state_1_1_load_1, i32 %ctx_state_2_1_load_1, i32 %ctx_state_3_1_load_1, i8 %ctx_data" [src/md5.c:131->src/md5.c:190]   --->   Operation 195 'call' 'call_ret' <Predicate = (!icmp_ln127 & icmp_ln130)> <Delay = 6.92> <CoreType = "Generic">   --->   Core 0 '' <Latency = 0> <II = 1> <Delay = 1.00> <Generic> <Opcode : >

State 41 <SV = 40> <Delay = 6.92>
ST_41 : Operation 196 [71/107] (6.92ns)   --->   "%call_ret = call i128 @md5_transform, i32 %ctx_state_0_1_load_1, i32 %ctx_state_1_1_load_1, i32 %ctx_state_2_1_load_1, i32 %ctx_state_3_1_load_1, i8 %ctx_data" [src/md5.c:131->src/md5.c:190]   --->   Operation 196 'call' 'call_ret' <Predicate = (!icmp_ln127 & icmp_ln130)> <Delay = 6.92> <CoreType = "Generic">   --->   Core 0 '' <Latency = 0> <II = 1> <Delay = 1.00> <Generic> <Opcode : >

State 42 <SV = 41> <Delay = 6.92>
ST_42 : Operation 197 [70/107] (6.92ns)   --->   "%call_ret = call i128 @md5_transform, i32 %ctx_state_0_1_load_1, i32 %ctx_state_1_1_load_1, i32 %ctx_state_2_1_load_1, i32 %ctx_state_3_1_load_1, i8 %ctx_data" [src/md5.c:131->src/md5.c:190]   --->   Operation 197 'call' 'call_ret' <Predicate = (!icmp_ln127 & icmp_ln130)> <Delay = 6.92> <CoreType = "Generic">   --->   Core 0 '' <Latency = 0> <II = 1> <Delay = 1.00> <Generic> <Opcode : >

State 43 <SV = 42> <Delay = 6.92>
ST_43 : Operation 198 [69/107] (6.92ns)   --->   "%call_ret = call i128 @md5_transform, i32 %ctx_state_0_1_load_1, i32 %ctx_state_1_1_load_1, i32 %ctx_state_2_1_load_1, i32 %ctx_state_3_1_load_1, i8 %ctx_data" [src/md5.c:131->src/md5.c:190]   --->   Operation 198 'call' 'call_ret' <Predicate = (!icmp_ln127 & icmp_ln130)> <Delay = 6.92> <CoreType = "Generic">   --->   Core 0 '' <Latency = 0> <II = 1> <Delay = 1.00> <Generic> <Opcode : >

State 44 <SV = 43> <Delay = 6.92>
ST_44 : Operation 199 [68/107] (6.92ns)   --->   "%call_ret = call i128 @md5_transform, i32 %ctx_state_0_1_load_1, i32 %ctx_state_1_1_load_1, i32 %ctx_state_2_1_load_1, i32 %ctx_state_3_1_load_1, i8 %ctx_data" [src/md5.c:131->src/md5.c:190]   --->   Operation 199 'call' 'call_ret' <Predicate = (!icmp_ln127 & icmp_ln130)> <Delay = 6.92> <CoreType = "Generic">   --->   Core 0 '' <Latency = 0> <II = 1> <Delay = 1.00> <Generic> <Opcode : >

State 45 <SV = 44> <Delay = 6.92>
ST_45 : Operation 200 [67/107] (6.92ns)   --->   "%call_ret = call i128 @md5_transform, i32 %ctx_state_0_1_load_1, i32 %ctx_state_1_1_load_1, i32 %ctx_state_2_1_load_1, i32 %ctx_state_3_1_load_1, i8 %ctx_data" [src/md5.c:131->src/md5.c:190]   --->   Operation 200 'call' 'call_ret' <Predicate = (!icmp_ln127 & icmp_ln130)> <Delay = 6.92> <CoreType = "Generic">   --->   Core 0 '' <Latency = 0> <II = 1> <Delay = 1.00> <Generic> <Opcode : >

State 46 <SV = 45> <Delay = 6.92>
ST_46 : Operation 201 [66/107] (6.92ns)   --->   "%call_ret = call i128 @md5_transform, i32 %ctx_state_0_1_load_1, i32 %ctx_state_1_1_load_1, i32 %ctx_state_2_1_load_1, i32 %ctx_state_3_1_load_1, i8 %ctx_data" [src/md5.c:131->src/md5.c:190]   --->   Operation 201 'call' 'call_ret' <Predicate = (!icmp_ln127 & icmp_ln130)> <Delay = 6.92> <CoreType = "Generic">   --->   Core 0 '' <Latency = 0> <II = 1> <Delay = 1.00> <Generic> <Opcode : >

State 47 <SV = 46> <Delay = 6.92>
ST_47 : Operation 202 [65/107] (6.92ns)   --->   "%call_ret = call i128 @md5_transform, i32 %ctx_state_0_1_load_1, i32 %ctx_state_1_1_load_1, i32 %ctx_state_2_1_load_1, i32 %ctx_state_3_1_load_1, i8 %ctx_data" [src/md5.c:131->src/md5.c:190]   --->   Operation 202 'call' 'call_ret' <Predicate = (!icmp_ln127 & icmp_ln130)> <Delay = 6.92> <CoreType = "Generic">   --->   Core 0 '' <Latency = 0> <II = 1> <Delay = 1.00> <Generic> <Opcode : >

State 48 <SV = 47> <Delay = 6.92>
ST_48 : Operation 203 [64/107] (6.92ns)   --->   "%call_ret = call i128 @md5_transform, i32 %ctx_state_0_1_load_1, i32 %ctx_state_1_1_load_1, i32 %ctx_state_2_1_load_1, i32 %ctx_state_3_1_load_1, i8 %ctx_data" [src/md5.c:131->src/md5.c:190]   --->   Operation 203 'call' 'call_ret' <Predicate = (!icmp_ln127 & icmp_ln130)> <Delay = 6.92> <CoreType = "Generic">   --->   Core 0 '' <Latency = 0> <II = 1> <Delay = 1.00> <Generic> <Opcode : >

State 49 <SV = 48> <Delay = 6.92>
ST_49 : Operation 204 [63/107] (6.92ns)   --->   "%call_ret = call i128 @md5_transform, i32 %ctx_state_0_1_load_1, i32 %ctx_state_1_1_load_1, i32 %ctx_state_2_1_load_1, i32 %ctx_state_3_1_load_1, i8 %ctx_data" [src/md5.c:131->src/md5.c:190]   --->   Operation 204 'call' 'call_ret' <Predicate = (!icmp_ln127 & icmp_ln130)> <Delay = 6.92> <CoreType = "Generic">   --->   Core 0 '' <Latency = 0> <II = 1> <Delay = 1.00> <Generic> <Opcode : >

State 50 <SV = 49> <Delay = 6.92>
ST_50 : Operation 205 [62/107] (6.92ns)   --->   "%call_ret = call i128 @md5_transform, i32 %ctx_state_0_1_load_1, i32 %ctx_state_1_1_load_1, i32 %ctx_state_2_1_load_1, i32 %ctx_state_3_1_load_1, i8 %ctx_data" [src/md5.c:131->src/md5.c:190]   --->   Operation 205 'call' 'call_ret' <Predicate = (!icmp_ln127 & icmp_ln130)> <Delay = 6.92> <CoreType = "Generic">   --->   Core 0 '' <Latency = 0> <II = 1> <Delay = 1.00> <Generic> <Opcode : >

State 51 <SV = 50> <Delay = 6.92>
ST_51 : Operation 206 [61/107] (6.92ns)   --->   "%call_ret = call i128 @md5_transform, i32 %ctx_state_0_1_load_1, i32 %ctx_state_1_1_load_1, i32 %ctx_state_2_1_load_1, i32 %ctx_state_3_1_load_1, i8 %ctx_data" [src/md5.c:131->src/md5.c:190]   --->   Operation 206 'call' 'call_ret' <Predicate = (!icmp_ln127 & icmp_ln130)> <Delay = 6.92> <CoreType = "Generic">   --->   Core 0 '' <Latency = 0> <II = 1> <Delay = 1.00> <Generic> <Opcode : >

State 52 <SV = 51> <Delay = 6.92>
ST_52 : Operation 207 [60/107] (6.92ns)   --->   "%call_ret = call i128 @md5_transform, i32 %ctx_state_0_1_load_1, i32 %ctx_state_1_1_load_1, i32 %ctx_state_2_1_load_1, i32 %ctx_state_3_1_load_1, i8 %ctx_data" [src/md5.c:131->src/md5.c:190]   --->   Operation 207 'call' 'call_ret' <Predicate = (!icmp_ln127 & icmp_ln130)> <Delay = 6.92> <CoreType = "Generic">   --->   Core 0 '' <Latency = 0> <II = 1> <Delay = 1.00> <Generic> <Opcode : >

State 53 <SV = 52> <Delay = 6.92>
ST_53 : Operation 208 [59/107] (6.92ns)   --->   "%call_ret = call i128 @md5_transform, i32 %ctx_state_0_1_load_1, i32 %ctx_state_1_1_load_1, i32 %ctx_state_2_1_load_1, i32 %ctx_state_3_1_load_1, i8 %ctx_data" [src/md5.c:131->src/md5.c:190]   --->   Operation 208 'call' 'call_ret' <Predicate = (!icmp_ln127 & icmp_ln130)> <Delay = 6.92> <CoreType = "Generic">   --->   Core 0 '' <Latency = 0> <II = 1> <Delay = 1.00> <Generic> <Opcode : >

State 54 <SV = 53> <Delay = 6.92>
ST_54 : Operation 209 [58/107] (6.92ns)   --->   "%call_ret = call i128 @md5_transform, i32 %ctx_state_0_1_load_1, i32 %ctx_state_1_1_load_1, i32 %ctx_state_2_1_load_1, i32 %ctx_state_3_1_load_1, i8 %ctx_data" [src/md5.c:131->src/md5.c:190]   --->   Operation 209 'call' 'call_ret' <Predicate = (!icmp_ln127 & icmp_ln130)> <Delay = 6.92> <CoreType = "Generic">   --->   Core 0 '' <Latency = 0> <II = 1> <Delay = 1.00> <Generic> <Opcode : >

State 55 <SV = 54> <Delay = 6.92>
ST_55 : Operation 210 [57/107] (6.92ns)   --->   "%call_ret = call i128 @md5_transform, i32 %ctx_state_0_1_load_1, i32 %ctx_state_1_1_load_1, i32 %ctx_state_2_1_load_1, i32 %ctx_state_3_1_load_1, i8 %ctx_data" [src/md5.c:131->src/md5.c:190]   --->   Operation 210 'call' 'call_ret' <Predicate = (!icmp_ln127 & icmp_ln130)> <Delay = 6.92> <CoreType = "Generic">   --->   Core 0 '' <Latency = 0> <II = 1> <Delay = 1.00> <Generic> <Opcode : >

State 56 <SV = 55> <Delay = 6.92>
ST_56 : Operation 211 [56/107] (6.92ns)   --->   "%call_ret = call i128 @md5_transform, i32 %ctx_state_0_1_load_1, i32 %ctx_state_1_1_load_1, i32 %ctx_state_2_1_load_1, i32 %ctx_state_3_1_load_1, i8 %ctx_data" [src/md5.c:131->src/md5.c:190]   --->   Operation 211 'call' 'call_ret' <Predicate = (!icmp_ln127 & icmp_ln130)> <Delay = 6.92> <CoreType = "Generic">   --->   Core 0 '' <Latency = 0> <II = 1> <Delay = 1.00> <Generic> <Opcode : >

State 57 <SV = 56> <Delay = 6.92>
ST_57 : Operation 212 [55/107] (6.92ns)   --->   "%call_ret = call i128 @md5_transform, i32 %ctx_state_0_1_load_1, i32 %ctx_state_1_1_load_1, i32 %ctx_state_2_1_load_1, i32 %ctx_state_3_1_load_1, i8 %ctx_data" [src/md5.c:131->src/md5.c:190]   --->   Operation 212 'call' 'call_ret' <Predicate = (!icmp_ln127 & icmp_ln130)> <Delay = 6.92> <CoreType = "Generic">   --->   Core 0 '' <Latency = 0> <II = 1> <Delay = 1.00> <Generic> <Opcode : >

State 58 <SV = 57> <Delay = 6.92>
ST_58 : Operation 213 [54/107] (6.92ns)   --->   "%call_ret = call i128 @md5_transform, i32 %ctx_state_0_1_load_1, i32 %ctx_state_1_1_load_1, i32 %ctx_state_2_1_load_1, i32 %ctx_state_3_1_load_1, i8 %ctx_data" [src/md5.c:131->src/md5.c:190]   --->   Operation 213 'call' 'call_ret' <Predicate = (!icmp_ln127 & icmp_ln130)> <Delay = 6.92> <CoreType = "Generic">   --->   Core 0 '' <Latency = 0> <II = 1> <Delay = 1.00> <Generic> <Opcode : >

State 59 <SV = 58> <Delay = 6.92>
ST_59 : Operation 214 [53/107] (6.92ns)   --->   "%call_ret = call i128 @md5_transform, i32 %ctx_state_0_1_load_1, i32 %ctx_state_1_1_load_1, i32 %ctx_state_2_1_load_1, i32 %ctx_state_3_1_load_1, i8 %ctx_data" [src/md5.c:131->src/md5.c:190]   --->   Operation 214 'call' 'call_ret' <Predicate = (!icmp_ln127 & icmp_ln130)> <Delay = 6.92> <CoreType = "Generic">   --->   Core 0 '' <Latency = 0> <II = 1> <Delay = 1.00> <Generic> <Opcode : >

State 60 <SV = 59> <Delay = 6.92>
ST_60 : Operation 215 [52/107] (6.92ns)   --->   "%call_ret = call i128 @md5_transform, i32 %ctx_state_0_1_load_1, i32 %ctx_state_1_1_load_1, i32 %ctx_state_2_1_load_1, i32 %ctx_state_3_1_load_1, i8 %ctx_data" [src/md5.c:131->src/md5.c:190]   --->   Operation 215 'call' 'call_ret' <Predicate = (!icmp_ln127 & icmp_ln130)> <Delay = 6.92> <CoreType = "Generic">   --->   Core 0 '' <Latency = 0> <II = 1> <Delay = 1.00> <Generic> <Opcode : >

State 61 <SV = 60> <Delay = 6.92>
ST_61 : Operation 216 [51/107] (6.92ns)   --->   "%call_ret = call i128 @md5_transform, i32 %ctx_state_0_1_load_1, i32 %ctx_state_1_1_load_1, i32 %ctx_state_2_1_load_1, i32 %ctx_state_3_1_load_1, i8 %ctx_data" [src/md5.c:131->src/md5.c:190]   --->   Operation 216 'call' 'call_ret' <Predicate = (!icmp_ln127 & icmp_ln130)> <Delay = 6.92> <CoreType = "Generic">   --->   Core 0 '' <Latency = 0> <II = 1> <Delay = 1.00> <Generic> <Opcode : >

State 62 <SV = 61> <Delay = 6.92>
ST_62 : Operation 217 [50/107] (6.92ns)   --->   "%call_ret = call i128 @md5_transform, i32 %ctx_state_0_1_load_1, i32 %ctx_state_1_1_load_1, i32 %ctx_state_2_1_load_1, i32 %ctx_state_3_1_load_1, i8 %ctx_data" [src/md5.c:131->src/md5.c:190]   --->   Operation 217 'call' 'call_ret' <Predicate = (!icmp_ln127 & icmp_ln130)> <Delay = 6.92> <CoreType = "Generic">   --->   Core 0 '' <Latency = 0> <II = 1> <Delay = 1.00> <Generic> <Opcode : >

State 63 <SV = 62> <Delay = 6.92>
ST_63 : Operation 218 [49/107] (6.92ns)   --->   "%call_ret = call i128 @md5_transform, i32 %ctx_state_0_1_load_1, i32 %ctx_state_1_1_load_1, i32 %ctx_state_2_1_load_1, i32 %ctx_state_3_1_load_1, i8 %ctx_data" [src/md5.c:131->src/md5.c:190]   --->   Operation 218 'call' 'call_ret' <Predicate = (!icmp_ln127 & icmp_ln130)> <Delay = 6.92> <CoreType = "Generic">   --->   Core 0 '' <Latency = 0> <II = 1> <Delay = 1.00> <Generic> <Opcode : >

State 64 <SV = 63> <Delay = 6.92>
ST_64 : Operation 219 [48/107] (6.92ns)   --->   "%call_ret = call i128 @md5_transform, i32 %ctx_state_0_1_load_1, i32 %ctx_state_1_1_load_1, i32 %ctx_state_2_1_load_1, i32 %ctx_state_3_1_load_1, i8 %ctx_data" [src/md5.c:131->src/md5.c:190]   --->   Operation 219 'call' 'call_ret' <Predicate = (!icmp_ln127 & icmp_ln130)> <Delay = 6.92> <CoreType = "Generic">   --->   Core 0 '' <Latency = 0> <II = 1> <Delay = 1.00> <Generic> <Opcode : >

State 65 <SV = 64> <Delay = 6.92>
ST_65 : Operation 220 [47/107] (6.92ns)   --->   "%call_ret = call i128 @md5_transform, i32 %ctx_state_0_1_load_1, i32 %ctx_state_1_1_load_1, i32 %ctx_state_2_1_load_1, i32 %ctx_state_3_1_load_1, i8 %ctx_data" [src/md5.c:131->src/md5.c:190]   --->   Operation 220 'call' 'call_ret' <Predicate = (!icmp_ln127 & icmp_ln130)> <Delay = 6.92> <CoreType = "Generic">   --->   Core 0 '' <Latency = 0> <II = 1> <Delay = 1.00> <Generic> <Opcode : >

State 66 <SV = 65> <Delay = 6.92>
ST_66 : Operation 221 [46/107] (6.92ns)   --->   "%call_ret = call i128 @md5_transform, i32 %ctx_state_0_1_load_1, i32 %ctx_state_1_1_load_1, i32 %ctx_state_2_1_load_1, i32 %ctx_state_3_1_load_1, i8 %ctx_data" [src/md5.c:131->src/md5.c:190]   --->   Operation 221 'call' 'call_ret' <Predicate = (!icmp_ln127 & icmp_ln130)> <Delay = 6.92> <CoreType = "Generic">   --->   Core 0 '' <Latency = 0> <II = 1> <Delay = 1.00> <Generic> <Opcode : >

State 67 <SV = 66> <Delay = 6.92>
ST_67 : Operation 222 [45/107] (6.92ns)   --->   "%call_ret = call i128 @md5_transform, i32 %ctx_state_0_1_load_1, i32 %ctx_state_1_1_load_1, i32 %ctx_state_2_1_load_1, i32 %ctx_state_3_1_load_1, i8 %ctx_data" [src/md5.c:131->src/md5.c:190]   --->   Operation 222 'call' 'call_ret' <Predicate = (!icmp_ln127 & icmp_ln130)> <Delay = 6.92> <CoreType = "Generic">   --->   Core 0 '' <Latency = 0> <II = 1> <Delay = 1.00> <Generic> <Opcode : >

State 68 <SV = 67> <Delay = 6.92>
ST_68 : Operation 223 [44/107] (6.92ns)   --->   "%call_ret = call i128 @md5_transform, i32 %ctx_state_0_1_load_1, i32 %ctx_state_1_1_load_1, i32 %ctx_state_2_1_load_1, i32 %ctx_state_3_1_load_1, i8 %ctx_data" [src/md5.c:131->src/md5.c:190]   --->   Operation 223 'call' 'call_ret' <Predicate = (!icmp_ln127 & icmp_ln130)> <Delay = 6.92> <CoreType = "Generic">   --->   Core 0 '' <Latency = 0> <II = 1> <Delay = 1.00> <Generic> <Opcode : >

State 69 <SV = 68> <Delay = 6.92>
ST_69 : Operation 224 [43/107] (6.92ns)   --->   "%call_ret = call i128 @md5_transform, i32 %ctx_state_0_1_load_1, i32 %ctx_state_1_1_load_1, i32 %ctx_state_2_1_load_1, i32 %ctx_state_3_1_load_1, i8 %ctx_data" [src/md5.c:131->src/md5.c:190]   --->   Operation 224 'call' 'call_ret' <Predicate = (!icmp_ln127 & icmp_ln130)> <Delay = 6.92> <CoreType = "Generic">   --->   Core 0 '' <Latency = 0> <II = 1> <Delay = 1.00> <Generic> <Opcode : >

State 70 <SV = 69> <Delay = 6.92>
ST_70 : Operation 225 [42/107] (6.92ns)   --->   "%call_ret = call i128 @md5_transform, i32 %ctx_state_0_1_load_1, i32 %ctx_state_1_1_load_1, i32 %ctx_state_2_1_load_1, i32 %ctx_state_3_1_load_1, i8 %ctx_data" [src/md5.c:131->src/md5.c:190]   --->   Operation 225 'call' 'call_ret' <Predicate = (!icmp_ln127 & icmp_ln130)> <Delay = 6.92> <CoreType = "Generic">   --->   Core 0 '' <Latency = 0> <II = 1> <Delay = 1.00> <Generic> <Opcode : >

State 71 <SV = 70> <Delay = 6.92>
ST_71 : Operation 226 [41/107] (6.92ns)   --->   "%call_ret = call i128 @md5_transform, i32 %ctx_state_0_1_load_1, i32 %ctx_state_1_1_load_1, i32 %ctx_state_2_1_load_1, i32 %ctx_state_3_1_load_1, i8 %ctx_data" [src/md5.c:131->src/md5.c:190]   --->   Operation 226 'call' 'call_ret' <Predicate = (!icmp_ln127 & icmp_ln130)> <Delay = 6.92> <CoreType = "Generic">   --->   Core 0 '' <Latency = 0> <II = 1> <Delay = 1.00> <Generic> <Opcode : >

State 72 <SV = 71> <Delay = 6.92>
ST_72 : Operation 227 [40/107] (6.92ns)   --->   "%call_ret = call i128 @md5_transform, i32 %ctx_state_0_1_load_1, i32 %ctx_state_1_1_load_1, i32 %ctx_state_2_1_load_1, i32 %ctx_state_3_1_load_1, i8 %ctx_data" [src/md5.c:131->src/md5.c:190]   --->   Operation 227 'call' 'call_ret' <Predicate = (!icmp_ln127 & icmp_ln130)> <Delay = 6.92> <CoreType = "Generic">   --->   Core 0 '' <Latency = 0> <II = 1> <Delay = 1.00> <Generic> <Opcode : >

State 73 <SV = 72> <Delay = 6.92>
ST_73 : Operation 228 [39/107] (6.92ns)   --->   "%call_ret = call i128 @md5_transform, i32 %ctx_state_0_1_load_1, i32 %ctx_state_1_1_load_1, i32 %ctx_state_2_1_load_1, i32 %ctx_state_3_1_load_1, i8 %ctx_data" [src/md5.c:131->src/md5.c:190]   --->   Operation 228 'call' 'call_ret' <Predicate = (!icmp_ln127 & icmp_ln130)> <Delay = 6.92> <CoreType = "Generic">   --->   Core 0 '' <Latency = 0> <II = 1> <Delay = 1.00> <Generic> <Opcode : >

State 74 <SV = 73> <Delay = 6.92>
ST_74 : Operation 229 [38/107] (6.92ns)   --->   "%call_ret = call i128 @md5_transform, i32 %ctx_state_0_1_load_1, i32 %ctx_state_1_1_load_1, i32 %ctx_state_2_1_load_1, i32 %ctx_state_3_1_load_1, i8 %ctx_data" [src/md5.c:131->src/md5.c:190]   --->   Operation 229 'call' 'call_ret' <Predicate = (!icmp_ln127 & icmp_ln130)> <Delay = 6.92> <CoreType = "Generic">   --->   Core 0 '' <Latency = 0> <II = 1> <Delay = 1.00> <Generic> <Opcode : >

State 75 <SV = 74> <Delay = 6.92>
ST_75 : Operation 230 [37/107] (6.92ns)   --->   "%call_ret = call i128 @md5_transform, i32 %ctx_state_0_1_load_1, i32 %ctx_state_1_1_load_1, i32 %ctx_state_2_1_load_1, i32 %ctx_state_3_1_load_1, i8 %ctx_data" [src/md5.c:131->src/md5.c:190]   --->   Operation 230 'call' 'call_ret' <Predicate = (!icmp_ln127 & icmp_ln130)> <Delay = 6.92> <CoreType = "Generic">   --->   Core 0 '' <Latency = 0> <II = 1> <Delay = 1.00> <Generic> <Opcode : >

State 76 <SV = 75> <Delay = 6.92>
ST_76 : Operation 231 [36/107] (6.92ns)   --->   "%call_ret = call i128 @md5_transform, i32 %ctx_state_0_1_load_1, i32 %ctx_state_1_1_load_1, i32 %ctx_state_2_1_load_1, i32 %ctx_state_3_1_load_1, i8 %ctx_data" [src/md5.c:131->src/md5.c:190]   --->   Operation 231 'call' 'call_ret' <Predicate = (!icmp_ln127 & icmp_ln130)> <Delay = 6.92> <CoreType = "Generic">   --->   Core 0 '' <Latency = 0> <II = 1> <Delay = 1.00> <Generic> <Opcode : >

State 77 <SV = 76> <Delay = 6.92>
ST_77 : Operation 232 [35/107] (6.92ns)   --->   "%call_ret = call i128 @md5_transform, i32 %ctx_state_0_1_load_1, i32 %ctx_state_1_1_load_1, i32 %ctx_state_2_1_load_1, i32 %ctx_state_3_1_load_1, i8 %ctx_data" [src/md5.c:131->src/md5.c:190]   --->   Operation 232 'call' 'call_ret' <Predicate = (!icmp_ln127 & icmp_ln130)> <Delay = 6.92> <CoreType = "Generic">   --->   Core 0 '' <Latency = 0> <II = 1> <Delay = 1.00> <Generic> <Opcode : >

State 78 <SV = 77> <Delay = 6.92>
ST_78 : Operation 233 [34/107] (6.92ns)   --->   "%call_ret = call i128 @md5_transform, i32 %ctx_state_0_1_load_1, i32 %ctx_state_1_1_load_1, i32 %ctx_state_2_1_load_1, i32 %ctx_state_3_1_load_1, i8 %ctx_data" [src/md5.c:131->src/md5.c:190]   --->   Operation 233 'call' 'call_ret' <Predicate = (!icmp_ln127 & icmp_ln130)> <Delay = 6.92> <CoreType = "Generic">   --->   Core 0 '' <Latency = 0> <II = 1> <Delay = 1.00> <Generic> <Opcode : >

State 79 <SV = 78> <Delay = 6.92>
ST_79 : Operation 234 [33/107] (6.92ns)   --->   "%call_ret = call i128 @md5_transform, i32 %ctx_state_0_1_load_1, i32 %ctx_state_1_1_load_1, i32 %ctx_state_2_1_load_1, i32 %ctx_state_3_1_load_1, i8 %ctx_data" [src/md5.c:131->src/md5.c:190]   --->   Operation 234 'call' 'call_ret' <Predicate = (!icmp_ln127 & icmp_ln130)> <Delay = 6.92> <CoreType = "Generic">   --->   Core 0 '' <Latency = 0> <II = 1> <Delay = 1.00> <Generic> <Opcode : >

State 80 <SV = 79> <Delay = 6.92>
ST_80 : Operation 235 [32/107] (6.92ns)   --->   "%call_ret = call i128 @md5_transform, i32 %ctx_state_0_1_load_1, i32 %ctx_state_1_1_load_1, i32 %ctx_state_2_1_load_1, i32 %ctx_state_3_1_load_1, i8 %ctx_data" [src/md5.c:131->src/md5.c:190]   --->   Operation 235 'call' 'call_ret' <Predicate = (!icmp_ln127 & icmp_ln130)> <Delay = 6.92> <CoreType = "Generic">   --->   Core 0 '' <Latency = 0> <II = 1> <Delay = 1.00> <Generic> <Opcode : >

State 81 <SV = 80> <Delay = 6.92>
ST_81 : Operation 236 [31/107] (6.92ns)   --->   "%call_ret = call i128 @md5_transform, i32 %ctx_state_0_1_load_1, i32 %ctx_state_1_1_load_1, i32 %ctx_state_2_1_load_1, i32 %ctx_state_3_1_load_1, i8 %ctx_data" [src/md5.c:131->src/md5.c:190]   --->   Operation 236 'call' 'call_ret' <Predicate = (!icmp_ln127 & icmp_ln130)> <Delay = 6.92> <CoreType = "Generic">   --->   Core 0 '' <Latency = 0> <II = 1> <Delay = 1.00> <Generic> <Opcode : >

State 82 <SV = 81> <Delay = 6.92>
ST_82 : Operation 237 [30/107] (6.92ns)   --->   "%call_ret = call i128 @md5_transform, i32 %ctx_state_0_1_load_1, i32 %ctx_state_1_1_load_1, i32 %ctx_state_2_1_load_1, i32 %ctx_state_3_1_load_1, i8 %ctx_data" [src/md5.c:131->src/md5.c:190]   --->   Operation 237 'call' 'call_ret' <Predicate = (!icmp_ln127 & icmp_ln130)> <Delay = 6.92> <CoreType = "Generic">   --->   Core 0 '' <Latency = 0> <II = 1> <Delay = 1.00> <Generic> <Opcode : >

State 83 <SV = 82> <Delay = 6.92>
ST_83 : Operation 238 [29/107] (6.92ns)   --->   "%call_ret = call i128 @md5_transform, i32 %ctx_state_0_1_load_1, i32 %ctx_state_1_1_load_1, i32 %ctx_state_2_1_load_1, i32 %ctx_state_3_1_load_1, i8 %ctx_data" [src/md5.c:131->src/md5.c:190]   --->   Operation 238 'call' 'call_ret' <Predicate = (!icmp_ln127 & icmp_ln130)> <Delay = 6.92> <CoreType = "Generic">   --->   Core 0 '' <Latency = 0> <II = 1> <Delay = 1.00> <Generic> <Opcode : >

State 84 <SV = 83> <Delay = 6.92>
ST_84 : Operation 239 [28/107] (6.92ns)   --->   "%call_ret = call i128 @md5_transform, i32 %ctx_state_0_1_load_1, i32 %ctx_state_1_1_load_1, i32 %ctx_state_2_1_load_1, i32 %ctx_state_3_1_load_1, i8 %ctx_data" [src/md5.c:131->src/md5.c:190]   --->   Operation 239 'call' 'call_ret' <Predicate = (!icmp_ln127 & icmp_ln130)> <Delay = 6.92> <CoreType = "Generic">   --->   Core 0 '' <Latency = 0> <II = 1> <Delay = 1.00> <Generic> <Opcode : >

State 85 <SV = 84> <Delay = 6.92>
ST_85 : Operation 240 [27/107] (6.92ns)   --->   "%call_ret = call i128 @md5_transform, i32 %ctx_state_0_1_load_1, i32 %ctx_state_1_1_load_1, i32 %ctx_state_2_1_load_1, i32 %ctx_state_3_1_load_1, i8 %ctx_data" [src/md5.c:131->src/md5.c:190]   --->   Operation 240 'call' 'call_ret' <Predicate = (!icmp_ln127 & icmp_ln130)> <Delay = 6.92> <CoreType = "Generic">   --->   Core 0 '' <Latency = 0> <II = 1> <Delay = 1.00> <Generic> <Opcode : >

State 86 <SV = 85> <Delay = 6.92>
ST_86 : Operation 241 [26/107] (6.92ns)   --->   "%call_ret = call i128 @md5_transform, i32 %ctx_state_0_1_load_1, i32 %ctx_state_1_1_load_1, i32 %ctx_state_2_1_load_1, i32 %ctx_state_3_1_load_1, i8 %ctx_data" [src/md5.c:131->src/md5.c:190]   --->   Operation 241 'call' 'call_ret' <Predicate = (!icmp_ln127 & icmp_ln130)> <Delay = 6.92> <CoreType = "Generic">   --->   Core 0 '' <Latency = 0> <II = 1> <Delay = 1.00> <Generic> <Opcode : >

State 87 <SV = 86> <Delay = 6.92>
ST_87 : Operation 242 [25/107] (6.92ns)   --->   "%call_ret = call i128 @md5_transform, i32 %ctx_state_0_1_load_1, i32 %ctx_state_1_1_load_1, i32 %ctx_state_2_1_load_1, i32 %ctx_state_3_1_load_1, i8 %ctx_data" [src/md5.c:131->src/md5.c:190]   --->   Operation 242 'call' 'call_ret' <Predicate = (!icmp_ln127 & icmp_ln130)> <Delay = 6.92> <CoreType = "Generic">   --->   Core 0 '' <Latency = 0> <II = 1> <Delay = 1.00> <Generic> <Opcode : >

State 88 <SV = 87> <Delay = 6.92>
ST_88 : Operation 243 [24/107] (6.92ns)   --->   "%call_ret = call i128 @md5_transform, i32 %ctx_state_0_1_load_1, i32 %ctx_state_1_1_load_1, i32 %ctx_state_2_1_load_1, i32 %ctx_state_3_1_load_1, i8 %ctx_data" [src/md5.c:131->src/md5.c:190]   --->   Operation 243 'call' 'call_ret' <Predicate = (!icmp_ln127 & icmp_ln130)> <Delay = 6.92> <CoreType = "Generic">   --->   Core 0 '' <Latency = 0> <II = 1> <Delay = 1.00> <Generic> <Opcode : >

State 89 <SV = 88> <Delay = 6.92>
ST_89 : Operation 244 [23/107] (6.92ns)   --->   "%call_ret = call i128 @md5_transform, i32 %ctx_state_0_1_load_1, i32 %ctx_state_1_1_load_1, i32 %ctx_state_2_1_load_1, i32 %ctx_state_3_1_load_1, i8 %ctx_data" [src/md5.c:131->src/md5.c:190]   --->   Operation 244 'call' 'call_ret' <Predicate = (!icmp_ln127 & icmp_ln130)> <Delay = 6.92> <CoreType = "Generic">   --->   Core 0 '' <Latency = 0> <II = 1> <Delay = 1.00> <Generic> <Opcode : >

State 90 <SV = 89> <Delay = 6.92>
ST_90 : Operation 245 [22/107] (6.92ns)   --->   "%call_ret = call i128 @md5_transform, i32 %ctx_state_0_1_load_1, i32 %ctx_state_1_1_load_1, i32 %ctx_state_2_1_load_1, i32 %ctx_state_3_1_load_1, i8 %ctx_data" [src/md5.c:131->src/md5.c:190]   --->   Operation 245 'call' 'call_ret' <Predicate = (!icmp_ln127 & icmp_ln130)> <Delay = 6.92> <CoreType = "Generic">   --->   Core 0 '' <Latency = 0> <II = 1> <Delay = 1.00> <Generic> <Opcode : >

State 91 <SV = 90> <Delay = 6.92>
ST_91 : Operation 246 [21/107] (6.92ns)   --->   "%call_ret = call i128 @md5_transform, i32 %ctx_state_0_1_load_1, i32 %ctx_state_1_1_load_1, i32 %ctx_state_2_1_load_1, i32 %ctx_state_3_1_load_1, i8 %ctx_data" [src/md5.c:131->src/md5.c:190]   --->   Operation 246 'call' 'call_ret' <Predicate = (!icmp_ln127 & icmp_ln130)> <Delay = 6.92> <CoreType = "Generic">   --->   Core 0 '' <Latency = 0> <II = 1> <Delay = 1.00> <Generic> <Opcode : >

State 92 <SV = 91> <Delay = 6.92>
ST_92 : Operation 247 [20/107] (6.92ns)   --->   "%call_ret = call i128 @md5_transform, i32 %ctx_state_0_1_load_1, i32 %ctx_state_1_1_load_1, i32 %ctx_state_2_1_load_1, i32 %ctx_state_3_1_load_1, i8 %ctx_data" [src/md5.c:131->src/md5.c:190]   --->   Operation 247 'call' 'call_ret' <Predicate = (!icmp_ln127 & icmp_ln130)> <Delay = 6.92> <CoreType = "Generic">   --->   Core 0 '' <Latency = 0> <II = 1> <Delay = 1.00> <Generic> <Opcode : >

State 93 <SV = 92> <Delay = 6.92>
ST_93 : Operation 248 [19/107] (6.92ns)   --->   "%call_ret = call i128 @md5_transform, i32 %ctx_state_0_1_load_1, i32 %ctx_state_1_1_load_1, i32 %ctx_state_2_1_load_1, i32 %ctx_state_3_1_load_1, i8 %ctx_data" [src/md5.c:131->src/md5.c:190]   --->   Operation 248 'call' 'call_ret' <Predicate = (!icmp_ln127 & icmp_ln130)> <Delay = 6.92> <CoreType = "Generic">   --->   Core 0 '' <Latency = 0> <II = 1> <Delay = 1.00> <Generic> <Opcode : >

State 94 <SV = 93> <Delay = 6.92>
ST_94 : Operation 249 [18/107] (6.92ns)   --->   "%call_ret = call i128 @md5_transform, i32 %ctx_state_0_1_load_1, i32 %ctx_state_1_1_load_1, i32 %ctx_state_2_1_load_1, i32 %ctx_state_3_1_load_1, i8 %ctx_data" [src/md5.c:131->src/md5.c:190]   --->   Operation 249 'call' 'call_ret' <Predicate = (!icmp_ln127 & icmp_ln130)> <Delay = 6.92> <CoreType = "Generic">   --->   Core 0 '' <Latency = 0> <II = 1> <Delay = 1.00> <Generic> <Opcode : >

State 95 <SV = 94> <Delay = 6.92>
ST_95 : Operation 250 [17/107] (6.92ns)   --->   "%call_ret = call i128 @md5_transform, i32 %ctx_state_0_1_load_1, i32 %ctx_state_1_1_load_1, i32 %ctx_state_2_1_load_1, i32 %ctx_state_3_1_load_1, i8 %ctx_data" [src/md5.c:131->src/md5.c:190]   --->   Operation 250 'call' 'call_ret' <Predicate = (!icmp_ln127 & icmp_ln130)> <Delay = 6.92> <CoreType = "Generic">   --->   Core 0 '' <Latency = 0> <II = 1> <Delay = 1.00> <Generic> <Opcode : >

State 96 <SV = 95> <Delay = 6.92>
ST_96 : Operation 251 [16/107] (6.92ns)   --->   "%call_ret = call i128 @md5_transform, i32 %ctx_state_0_1_load_1, i32 %ctx_state_1_1_load_1, i32 %ctx_state_2_1_load_1, i32 %ctx_state_3_1_load_1, i8 %ctx_data" [src/md5.c:131->src/md5.c:190]   --->   Operation 251 'call' 'call_ret' <Predicate = (!icmp_ln127 & icmp_ln130)> <Delay = 6.92> <CoreType = "Generic">   --->   Core 0 '' <Latency = 0> <II = 1> <Delay = 1.00> <Generic> <Opcode : >

State 97 <SV = 96> <Delay = 6.92>
ST_97 : Operation 252 [15/107] (6.92ns)   --->   "%call_ret = call i128 @md5_transform, i32 %ctx_state_0_1_load_1, i32 %ctx_state_1_1_load_1, i32 %ctx_state_2_1_load_1, i32 %ctx_state_3_1_load_1, i8 %ctx_data" [src/md5.c:131->src/md5.c:190]   --->   Operation 252 'call' 'call_ret' <Predicate = (!icmp_ln127 & icmp_ln130)> <Delay = 6.92> <CoreType = "Generic">   --->   Core 0 '' <Latency = 0> <II = 1> <Delay = 1.00> <Generic> <Opcode : >

State 98 <SV = 97> <Delay = 6.92>
ST_98 : Operation 253 [14/107] (6.92ns)   --->   "%call_ret = call i128 @md5_transform, i32 %ctx_state_0_1_load_1, i32 %ctx_state_1_1_load_1, i32 %ctx_state_2_1_load_1, i32 %ctx_state_3_1_load_1, i8 %ctx_data" [src/md5.c:131->src/md5.c:190]   --->   Operation 253 'call' 'call_ret' <Predicate = (!icmp_ln127 & icmp_ln130)> <Delay = 6.92> <CoreType = "Generic">   --->   Core 0 '' <Latency = 0> <II = 1> <Delay = 1.00> <Generic> <Opcode : >

State 99 <SV = 98> <Delay = 6.92>
ST_99 : Operation 254 [13/107] (6.92ns)   --->   "%call_ret = call i128 @md5_transform, i32 %ctx_state_0_1_load_1, i32 %ctx_state_1_1_load_1, i32 %ctx_state_2_1_load_1, i32 %ctx_state_3_1_load_1, i8 %ctx_data" [src/md5.c:131->src/md5.c:190]   --->   Operation 254 'call' 'call_ret' <Predicate = (!icmp_ln127 & icmp_ln130)> <Delay = 6.92> <CoreType = "Generic">   --->   Core 0 '' <Latency = 0> <II = 1> <Delay = 1.00> <Generic> <Opcode : >

State 100 <SV = 99> <Delay = 6.92>
ST_100 : Operation 255 [12/107] (6.92ns)   --->   "%call_ret = call i128 @md5_transform, i32 %ctx_state_0_1_load_1, i32 %ctx_state_1_1_load_1, i32 %ctx_state_2_1_load_1, i32 %ctx_state_3_1_load_1, i8 %ctx_data" [src/md5.c:131->src/md5.c:190]   --->   Operation 255 'call' 'call_ret' <Predicate = (!icmp_ln127 & icmp_ln130)> <Delay = 6.92> <CoreType = "Generic">   --->   Core 0 '' <Latency = 0> <II = 1> <Delay = 1.00> <Generic> <Opcode : >

State 101 <SV = 100> <Delay = 6.92>
ST_101 : Operation 256 [11/107] (6.92ns)   --->   "%call_ret = call i128 @md5_transform, i32 %ctx_state_0_1_load_1, i32 %ctx_state_1_1_load_1, i32 %ctx_state_2_1_load_1, i32 %ctx_state_3_1_load_1, i8 %ctx_data" [src/md5.c:131->src/md5.c:190]   --->   Operation 256 'call' 'call_ret' <Predicate = (!icmp_ln127 & icmp_ln130)> <Delay = 6.92> <CoreType = "Generic">   --->   Core 0 '' <Latency = 0> <II = 1> <Delay = 1.00> <Generic> <Opcode : >

State 102 <SV = 101> <Delay = 6.92>
ST_102 : Operation 257 [10/107] (6.92ns)   --->   "%call_ret = call i128 @md5_transform, i32 %ctx_state_0_1_load_1, i32 %ctx_state_1_1_load_1, i32 %ctx_state_2_1_load_1, i32 %ctx_state_3_1_load_1, i8 %ctx_data" [src/md5.c:131->src/md5.c:190]   --->   Operation 257 'call' 'call_ret' <Predicate = (!icmp_ln127 & icmp_ln130)> <Delay = 6.92> <CoreType = "Generic">   --->   Core 0 '' <Latency = 0> <II = 1> <Delay = 1.00> <Generic> <Opcode : >

State 103 <SV = 102> <Delay = 6.92>
ST_103 : Operation 258 [9/107] (6.92ns)   --->   "%call_ret = call i128 @md5_transform, i32 %ctx_state_0_1_load_1, i32 %ctx_state_1_1_load_1, i32 %ctx_state_2_1_load_1, i32 %ctx_state_3_1_load_1, i8 %ctx_data" [src/md5.c:131->src/md5.c:190]   --->   Operation 258 'call' 'call_ret' <Predicate = (!icmp_ln127 & icmp_ln130)> <Delay = 6.92> <CoreType = "Generic">   --->   Core 0 '' <Latency = 0> <II = 1> <Delay = 1.00> <Generic> <Opcode : >

State 104 <SV = 103> <Delay = 6.92>
ST_104 : Operation 259 [8/107] (6.92ns)   --->   "%call_ret = call i128 @md5_transform, i32 %ctx_state_0_1_load_1, i32 %ctx_state_1_1_load_1, i32 %ctx_state_2_1_load_1, i32 %ctx_state_3_1_load_1, i8 %ctx_data" [src/md5.c:131->src/md5.c:190]   --->   Operation 259 'call' 'call_ret' <Predicate = (!icmp_ln127 & icmp_ln130)> <Delay = 6.92> <CoreType = "Generic">   --->   Core 0 '' <Latency = 0> <II = 1> <Delay = 1.00> <Generic> <Opcode : >

State 105 <SV = 104> <Delay = 6.92>
ST_105 : Operation 260 [7/107] (6.92ns)   --->   "%call_ret = call i128 @md5_transform, i32 %ctx_state_0_1_load_1, i32 %ctx_state_1_1_load_1, i32 %ctx_state_2_1_load_1, i32 %ctx_state_3_1_load_1, i8 %ctx_data" [src/md5.c:131->src/md5.c:190]   --->   Operation 260 'call' 'call_ret' <Predicate = (!icmp_ln127 & icmp_ln130)> <Delay = 6.92> <CoreType = "Generic">   --->   Core 0 '' <Latency = 0> <II = 1> <Delay = 1.00> <Generic> <Opcode : >

State 106 <SV = 105> <Delay = 6.92>
ST_106 : Operation 261 [6/107] (6.92ns)   --->   "%call_ret = call i128 @md5_transform, i32 %ctx_state_0_1_load_1, i32 %ctx_state_1_1_load_1, i32 %ctx_state_2_1_load_1, i32 %ctx_state_3_1_load_1, i8 %ctx_data" [src/md5.c:131->src/md5.c:190]   --->   Operation 261 'call' 'call_ret' <Predicate = (!icmp_ln127 & icmp_ln130)> <Delay = 6.92> <CoreType = "Generic">   --->   Core 0 '' <Latency = 0> <II = 1> <Delay = 1.00> <Generic> <Opcode : >

State 107 <SV = 106> <Delay = 6.92>
ST_107 : Operation 262 [5/107] (6.92ns)   --->   "%call_ret = call i128 @md5_transform, i32 %ctx_state_0_1_load_1, i32 %ctx_state_1_1_load_1, i32 %ctx_state_2_1_load_1, i32 %ctx_state_3_1_load_1, i8 %ctx_data" [src/md5.c:131->src/md5.c:190]   --->   Operation 262 'call' 'call_ret' <Predicate = (!icmp_ln127 & icmp_ln130)> <Delay = 6.92> <CoreType = "Generic">   --->   Core 0 '' <Latency = 0> <II = 1> <Delay = 1.00> <Generic> <Opcode : >

State 108 <SV = 107> <Delay = 6.92>
ST_108 : Operation 263 [4/107] (6.92ns)   --->   "%call_ret = call i128 @md5_transform, i32 %ctx_state_0_1_load_1, i32 %ctx_state_1_1_load_1, i32 %ctx_state_2_1_load_1, i32 %ctx_state_3_1_load_1, i8 %ctx_data" [src/md5.c:131->src/md5.c:190]   --->   Operation 263 'call' 'call_ret' <Predicate = (!icmp_ln127 & icmp_ln130)> <Delay = 6.92> <CoreType = "Generic">   --->   Core 0 '' <Latency = 0> <II = 1> <Delay = 1.00> <Generic> <Opcode : >

State 109 <SV = 108> <Delay = 6.92>
ST_109 : Operation 264 [3/107] (6.92ns)   --->   "%call_ret = call i128 @md5_transform, i32 %ctx_state_0_1_load_1, i32 %ctx_state_1_1_load_1, i32 %ctx_state_2_1_load_1, i32 %ctx_state_3_1_load_1, i8 %ctx_data" [src/md5.c:131->src/md5.c:190]   --->   Operation 264 'call' 'call_ret' <Predicate = (!icmp_ln127 & icmp_ln130)> <Delay = 6.92> <CoreType = "Generic">   --->   Core 0 '' <Latency = 0> <II = 1> <Delay = 1.00> <Generic> <Opcode : >

State 110 <SV = 109> <Delay = 6.92>
ST_110 : Operation 265 [2/107] (6.92ns)   --->   "%call_ret = call i128 @md5_transform, i32 %ctx_state_0_1_load_1, i32 %ctx_state_1_1_load_1, i32 %ctx_state_2_1_load_1, i32 %ctx_state_3_1_load_1, i8 %ctx_data" [src/md5.c:131->src/md5.c:190]   --->   Operation 265 'call' 'call_ret' <Predicate = (!icmp_ln127 & icmp_ln130)> <Delay = 6.92> <CoreType = "Generic">   --->   Core 0 '' <Latency = 0> <II = 1> <Delay = 1.00> <Generic> <Opcode : >

State 111 <SV = 110> <Delay = 5.95>
ST_111 : Operation 266 [1/107] (4.37ns)   --->   "%call_ret = call i128 @md5_transform, i32 %ctx_state_0_1_load_1, i32 %ctx_state_1_1_load_1, i32 %ctx_state_2_1_load_1, i32 %ctx_state_3_1_load_1, i8 %ctx_data" [src/md5.c:131->src/md5.c:190]   --->   Operation 266 'call' 'call_ret' <Predicate = (icmp_ln130)> <Delay = 4.37> <CoreType = "Generic">   --->   Core 0 '' <Latency = 0> <II = 1> <Delay = 1.00> <Generic> <Opcode : >
ST_111 : Operation 267 [1/1] (0.00ns)   --->   "%ctx_state_0 = extractvalue i128 %call_ret" [src/md5.c:131->src/md5.c:190]   --->   Operation 267 'extractvalue' 'ctx_state_0' <Predicate = (icmp_ln130)> <Delay = 0.00>
ST_111 : Operation 268 [1/1] (0.00ns)   --->   "%ctx_state_1 = extractvalue i128 %call_ret" [src/md5.c:131->src/md5.c:190]   --->   Operation 268 'extractvalue' 'ctx_state_1' <Predicate = (icmp_ln130)> <Delay = 0.00>
ST_111 : Operation 269 [1/1] (0.00ns)   --->   "%ctx_state_2 = extractvalue i128 %call_ret" [src/md5.c:131->src/md5.c:190]   --->   Operation 269 'extractvalue' 'ctx_state_2' <Predicate = (icmp_ln130)> <Delay = 0.00>
ST_111 : Operation 270 [1/1] (0.00ns)   --->   "%ctx_state_3 = extractvalue i128 %call_ret" [src/md5.c:131->src/md5.c:190]   --->   Operation 270 'extractvalue' 'ctx_state_3' <Predicate = (icmp_ln130)> <Delay = 0.00>
ST_111 : Operation 271 [1/1] (1.58ns)   --->   "%store_ln134 = store i32 %ctx_state_3, i32 %ctx_state_3_1" [src/md5.c:134->src/md5.c:190]   --->   Operation 271 'store' 'store_ln134' <Predicate = (icmp_ln130)> <Delay = 1.58>
ST_111 : Operation 272 [1/1] (1.58ns)   --->   "%store_ln134 = store i32 %ctx_state_2, i32 %ctx_state_2_1" [src/md5.c:134->src/md5.c:190]   --->   Operation 272 'store' 'store_ln134' <Predicate = (icmp_ln130)> <Delay = 1.58>
ST_111 : Operation 273 [1/1] (1.58ns)   --->   "%store_ln134 = store i32 %ctx_state_1, i32 %ctx_state_1_1" [src/md5.c:134->src/md5.c:190]   --->   Operation 273 'store' 'store_ln134' <Predicate = (icmp_ln130)> <Delay = 1.58>
ST_111 : Operation 274 [1/1] (1.58ns)   --->   "%store_ln134 = store i32 %ctx_state_0, i32 %ctx_state_0_1" [src/md5.c:134->src/md5.c:190]   --->   Operation 274 'store' 'store_ln134' <Predicate = (icmp_ln130)> <Delay = 1.58>
ST_111 : Operation 275 [1/1] (0.00ns)   --->   "%br_ln134 = br void %for.inc.i" [src/md5.c:134->src/md5.c:190]   --->   Operation 275 'br' 'br_ln134' <Predicate = (icmp_ln130)> <Delay = 0.00>


============================================================
+ Verbose Summary: Timing violations
============================================================
Target clock period: 10.000ns, clock uncertainty: 2.700ns.

 <State 1>: 1.588ns
The critical path consists of the following:
	'alloca' operation ('ctx.state[3]') [17]  (0.000 ns)
	'store' operation ('store_ln0') of constant 271733878 on local variable 'ctx.state[3]' [22]  (1.588 ns)

 <State 2>: 5.108ns
The critical path consists of the following:
	'load' operation ('i', src/md5.c:127->src/md5.c:190) on local variable 'i' [31]  (0.000 ns)
	'add' operation ('i', src/md5.c:127->src/md5.c:190) [36]  (3.520 ns)
	'store' operation ('store_ln127', src/md5.c:127->src/md5.c:190) of variable 'i', src/md5.c:127->src/md5.c:190 on local variable 'i' [71]  (1.588 ns)

 <State 3>: 7.300ns
The critical path consists of the following:
	bus read operation ('gmem_addr_read', src/md5.c:128->src/md5.c:190) on port 'gmem' (src/md5.c:128->src/md5.c:190) [41]  (7.300 ns)

 <State 4>: 6.692ns
The critical path consists of the following:
	'load' operation ('ctx_datalen_load_1', src/md5.c:129->src/md5.c:190) on local variable 'ctx.datalen' [39]  (0.000 ns)
	'add' operation ('add_ln129', src/md5.c:129->src/md5.c:190) [45]  (2.552 ns)
	'icmp' operation ('icmp_ln130', src/md5.c:130->src/md5.c:190) [46]  (2.552 ns)
	blocking operation 1.588 ns on control path)

 <State 5>: 6.923ns
The critical path consists of the following:
	'load' operation ('ctx_state_0_1_load_1', src/md5.c:131->src/md5.c:190) on local variable 'ctx.state[0]' [53]  (0.000 ns)
	'call' operation ('call_ret', src/md5.c:131->src/md5.c:190) to 'md5_transform' [57]  (6.923 ns)

 <State 6>: 6.923ns
The critical path consists of the following:
	'call' operation ('call_ret', src/md5.c:131->src/md5.c:190) to 'md5_transform' [57]  (6.923 ns)

 <State 7>: 6.923ns
The critical path consists of the following:
	'call' operation ('call_ret', src/md5.c:131->src/md5.c:190) to 'md5_transform' [57]  (6.923 ns)

 <State 8>: 6.923ns
The critical path consists of the following:
	'call' operation ('call_ret', src/md5.c:131->src/md5.c:190) to 'md5_transform' [57]  (6.923 ns)

 <State 9>: 6.923ns
The critical path consists of the following:
	'call' operation ('call_ret', src/md5.c:131->src/md5.c:190) to 'md5_transform' [57]  (6.923 ns)

 <State 10>: 6.923ns
The critical path consists of the following:
	'call' operation ('call_ret', src/md5.c:131->src/md5.c:190) to 'md5_transform' [57]  (6.923 ns)

 <State 11>: 6.923ns
The critical path consists of the following:
	'call' operation ('call_ret', src/md5.c:131->src/md5.c:190) to 'md5_transform' [57]  (6.923 ns)

 <State 12>: 6.923ns
The critical path consists of the following:
	'call' operation ('call_ret', src/md5.c:131->src/md5.c:190) to 'md5_transform' [57]  (6.923 ns)

 <State 13>: 6.923ns
The critical path consists of the following:
	'call' operation ('call_ret', src/md5.c:131->src/md5.c:190) to 'md5_transform' [57]  (6.923 ns)

 <State 14>: 6.923ns
The critical path consists of the following:
	'call' operation ('call_ret', src/md5.c:131->src/md5.c:190) to 'md5_transform' [57]  (6.923 ns)

 <State 15>: 6.923ns
The critical path consists of the following:
	'call' operation ('call_ret', src/md5.c:131->src/md5.c:190) to 'md5_transform' [57]  (6.923 ns)

 <State 16>: 6.923ns
The critical path consists of the following:
	'call' operation ('call_ret', src/md5.c:131->src/md5.c:190) to 'md5_transform' [57]  (6.923 ns)

 <State 17>: 6.923ns
The critical path consists of the following:
	'call' operation ('call_ret', src/md5.c:131->src/md5.c:190) to 'md5_transform' [57]  (6.923 ns)

 <State 18>: 6.923ns
The critical path consists of the following:
	'call' operation ('call_ret', src/md5.c:131->src/md5.c:190) to 'md5_transform' [57]  (6.923 ns)

 <State 19>: 6.923ns
The critical path consists of the following:
	'call' operation ('call_ret', src/md5.c:131->src/md5.c:190) to 'md5_transform' [57]  (6.923 ns)

 <State 20>: 6.923ns
The critical path consists of the following:
	'call' operation ('call_ret', src/md5.c:131->src/md5.c:190) to 'md5_transform' [57]  (6.923 ns)

 <State 21>: 6.923ns
The critical path consists of the following:
	'call' operation ('call_ret', src/md5.c:131->src/md5.c:190) to 'md5_transform' [57]  (6.923 ns)

 <State 22>: 6.923ns
The critical path consists of the following:
	'call' operation ('call_ret', src/md5.c:131->src/md5.c:190) to 'md5_transform' [57]  (6.923 ns)

 <State 23>: 6.923ns
The critical path consists of the following:
	'call' operation ('call_ret', src/md5.c:131->src/md5.c:190) to 'md5_transform' [57]  (6.923 ns)

 <State 24>: 6.923ns
The critical path consists of the following:
	'call' operation ('call_ret', src/md5.c:131->src/md5.c:190) to 'md5_transform' [57]  (6.923 ns)

 <State 25>: 6.923ns
The critical path consists of the following:
	'call' operation ('call_ret', src/md5.c:131->src/md5.c:190) to 'md5_transform' [57]  (6.923 ns)

 <State 26>: 6.923ns
The critical path consists of the following:
	'call' operation ('call_ret', src/md5.c:131->src/md5.c:190) to 'md5_transform' [57]  (6.923 ns)

 <State 27>: 6.923ns
The critical path consists of the following:
	'call' operation ('call_ret', src/md5.c:131->src/md5.c:190) to 'md5_transform' [57]  (6.923 ns)

 <State 28>: 6.923ns
The critical path consists of the following:
	'call' operation ('call_ret', src/md5.c:131->src/md5.c:190) to 'md5_transform' [57]  (6.923 ns)

 <State 29>: 6.923ns
The critical path consists of the following:
	'call' operation ('call_ret', src/md5.c:131->src/md5.c:190) to 'md5_transform' [57]  (6.923 ns)

 <State 30>: 6.923ns
The critical path consists of the following:
	'call' operation ('call_ret', src/md5.c:131->src/md5.c:190) to 'md5_transform' [57]  (6.923 ns)

 <State 31>: 6.923ns
The critical path consists of the following:
	'call' operation ('call_ret', src/md5.c:131->src/md5.c:190) to 'md5_transform' [57]  (6.923 ns)

 <State 32>: 6.923ns
The critical path consists of the following:
	'call' operation ('call_ret', src/md5.c:131->src/md5.c:190) to 'md5_transform' [57]  (6.923 ns)

 <State 33>: 6.923ns
The critical path consists of the following:
	'call' operation ('call_ret', src/md5.c:131->src/md5.c:190) to 'md5_transform' [57]  (6.923 ns)

 <State 34>: 6.923ns
The critical path consists of the following:
	'call' operation ('call_ret', src/md5.c:131->src/md5.c:190) to 'md5_transform' [57]  (6.923 ns)

 <State 35>: 6.923ns
The critical path consists of the following:
	'call' operation ('call_ret', src/md5.c:131->src/md5.c:190) to 'md5_transform' [57]  (6.923 ns)

 <State 36>: 6.923ns
The critical path consists of the following:
	'call' operation ('call_ret', src/md5.c:131->src/md5.c:190) to 'md5_transform' [57]  (6.923 ns)

 <State 37>: 6.923ns
The critical path consists of the following:
	'call' operation ('call_ret', src/md5.c:131->src/md5.c:190) to 'md5_transform' [57]  (6.923 ns)

 <State 38>: 6.923ns
The critical path consists of the following:
	'call' operation ('call_ret', src/md5.c:131->src/md5.c:190) to 'md5_transform' [57]  (6.923 ns)

 <State 39>: 6.923ns
The critical path consists of the following:
	'call' operation ('call_ret', src/md5.c:131->src/md5.c:190) to 'md5_transform' [57]  (6.923 ns)

 <State 40>: 6.923ns
The critical path consists of the following:
	'call' operation ('call_ret', src/md5.c:131->src/md5.c:190) to 'md5_transform' [57]  (6.923 ns)

 <State 41>: 6.923ns
The critical path consists of the following:
	'call' operation ('call_ret', src/md5.c:131->src/md5.c:190) to 'md5_transform' [57]  (6.923 ns)

 <State 42>: 6.923ns
The critical path consists of the following:
	'call' operation ('call_ret', src/md5.c:131->src/md5.c:190) to 'md5_transform' [57]  (6.923 ns)

 <State 43>: 6.923ns
The critical path consists of the following:
	'call' operation ('call_ret', src/md5.c:131->src/md5.c:190) to 'md5_transform' [57]  (6.923 ns)

 <State 44>: 6.923ns
The critical path consists of the following:
	'call' operation ('call_ret', src/md5.c:131->src/md5.c:190) to 'md5_transform' [57]  (6.923 ns)

 <State 45>: 6.923ns
The critical path consists of the following:
	'call' operation ('call_ret', src/md5.c:131->src/md5.c:190) to 'md5_transform' [57]  (6.923 ns)

 <State 46>: 6.923ns
The critical path consists of the following:
	'call' operation ('call_ret', src/md5.c:131->src/md5.c:190) to 'md5_transform' [57]  (6.923 ns)

 <State 47>: 6.923ns
The critical path consists of the following:
	'call' operation ('call_ret', src/md5.c:131->src/md5.c:190) to 'md5_transform' [57]  (6.923 ns)

 <State 48>: 6.923ns
The critical path consists of the following:
	'call' operation ('call_ret', src/md5.c:131->src/md5.c:190) to 'md5_transform' [57]  (6.923 ns)

 <State 49>: 6.923ns
The critical path consists of the following:
	'call' operation ('call_ret', src/md5.c:131->src/md5.c:190) to 'md5_transform' [57]  (6.923 ns)

 <State 50>: 6.923ns
The critical path consists of the following:
	'call' operation ('call_ret', src/md5.c:131->src/md5.c:190) to 'md5_transform' [57]  (6.923 ns)

 <State 51>: 6.923ns
The critical path consists of the following:
	'call' operation ('call_ret', src/md5.c:131->src/md5.c:190) to 'md5_transform' [57]  (6.923 ns)

 <State 52>: 6.923ns
The critical path consists of the following:
	'call' operation ('call_ret', src/md5.c:131->src/md5.c:190) to 'md5_transform' [57]  (6.923 ns)

 <State 53>: 6.923ns
The critical path consists of the following:
	'call' operation ('call_ret', src/md5.c:131->src/md5.c:190) to 'md5_transform' [57]  (6.923 ns)

 <State 54>: 6.923ns
The critical path consists of the following:
	'call' operation ('call_ret', src/md5.c:131->src/md5.c:190) to 'md5_transform' [57]  (6.923 ns)

 <State 55>: 6.923ns
The critical path consists of the following:
	'call' operation ('call_ret', src/md5.c:131->src/md5.c:190) to 'md5_transform' [57]  (6.923 ns)

 <State 56>: 6.923ns
The critical path consists of the following:
	'call' operation ('call_ret', src/md5.c:131->src/md5.c:190) to 'md5_transform' [57]  (6.923 ns)

 <State 57>: 6.923ns
The critical path consists of the following:
	'call' operation ('call_ret', src/md5.c:131->src/md5.c:190) to 'md5_transform' [57]  (6.923 ns)

 <State 58>: 6.923ns
The critical path consists of the following:
	'call' operation ('call_ret', src/md5.c:131->src/md5.c:190) to 'md5_transform' [57]  (6.923 ns)

 <State 59>: 6.923ns
The critical path consists of the following:
	'call' operation ('call_ret', src/md5.c:131->src/md5.c:190) to 'md5_transform' [57]  (6.923 ns)

 <State 60>: 6.923ns
The critical path consists of the following:
	'call' operation ('call_ret', src/md5.c:131->src/md5.c:190) to 'md5_transform' [57]  (6.923 ns)

 <State 61>: 6.923ns
The critical path consists of the following:
	'call' operation ('call_ret', src/md5.c:131->src/md5.c:190) to 'md5_transform' [57]  (6.923 ns)

 <State 62>: 6.923ns
The critical path consists of the following:
	'call' operation ('call_ret', src/md5.c:131->src/md5.c:190) to 'md5_transform' [57]  (6.923 ns)

 <State 63>: 6.923ns
The critical path consists of the following:
	'call' operation ('call_ret', src/md5.c:131->src/md5.c:190) to 'md5_transform' [57]  (6.923 ns)

 <State 64>: 6.923ns
The critical path consists of the following:
	'call' operation ('call_ret', src/md5.c:131->src/md5.c:190) to 'md5_transform' [57]  (6.923 ns)

 <State 65>: 6.923ns
The critical path consists of the following:
	'call' operation ('call_ret', src/md5.c:131->src/md5.c:190) to 'md5_transform' [57]  (6.923 ns)

 <State 66>: 6.923ns
The critical path consists of the following:
	'call' operation ('call_ret', src/md5.c:131->src/md5.c:190) to 'md5_transform' [57]  (6.923 ns)

 <State 67>: 6.923ns
The critical path consists of the following:
	'call' operation ('call_ret', src/md5.c:131->src/md5.c:190) to 'md5_transform' [57]  (6.923 ns)

 <State 68>: 6.923ns
The critical path consists of the following:
	'call' operation ('call_ret', src/md5.c:131->src/md5.c:190) to 'md5_transform' [57]  (6.923 ns)

 <State 69>: 6.923ns
The critical path consists of the following:
	'call' operation ('call_ret', src/md5.c:131->src/md5.c:190) to 'md5_transform' [57]  (6.923 ns)

 <State 70>: 6.923ns
The critical path consists of the following:
	'call' operation ('call_ret', src/md5.c:131->src/md5.c:190) to 'md5_transform' [57]  (6.923 ns)

 <State 71>: 6.923ns
The critical path consists of the following:
	'call' operation ('call_ret', src/md5.c:131->src/md5.c:190) to 'md5_transform' [57]  (6.923 ns)

 <State 72>: 6.923ns
The critical path consists of the following:
	'call' operation ('call_ret', src/md5.c:131->src/md5.c:190) to 'md5_transform' [57]  (6.923 ns)

 <State 73>: 6.923ns
The critical path consists of the following:
	'call' operation ('call_ret', src/md5.c:131->src/md5.c:190) to 'md5_transform' [57]  (6.923 ns)

 <State 74>: 6.923ns
The critical path consists of the following:
	'call' operation ('call_ret', src/md5.c:131->src/md5.c:190) to 'md5_transform' [57]  (6.923 ns)

 <State 75>: 6.923ns
The critical path consists of the following:
	'call' operation ('call_ret', src/md5.c:131->src/md5.c:190) to 'md5_transform' [57]  (6.923 ns)

 <State 76>: 6.923ns
The critical path consists of the following:
	'call' operation ('call_ret', src/md5.c:131->src/md5.c:190) to 'md5_transform' [57]  (6.923 ns)

 <State 77>: 6.923ns
The critical path consists of the following:
	'call' operation ('call_ret', src/md5.c:131->src/md5.c:190) to 'md5_transform' [57]  (6.923 ns)

 <State 78>: 6.923ns
The critical path consists of the following:
	'call' operation ('call_ret', src/md5.c:131->src/md5.c:190) to 'md5_transform' [57]  (6.923 ns)

 <State 79>: 6.923ns
The critical path consists of the following:
	'call' operation ('call_ret', src/md5.c:131->src/md5.c:190) to 'md5_transform' [57]  (6.923 ns)

 <State 80>: 6.923ns
The critical path consists of the following:
	'call' operation ('call_ret', src/md5.c:131->src/md5.c:190) to 'md5_transform' [57]  (6.923 ns)

 <State 81>: 6.923ns
The critical path consists of the following:
	'call' operation ('call_ret', src/md5.c:131->src/md5.c:190) to 'md5_transform' [57]  (6.923 ns)

 <State 82>: 6.923ns
The critical path consists of the following:
	'call' operation ('call_ret', src/md5.c:131->src/md5.c:190) to 'md5_transform' [57]  (6.923 ns)

 <State 83>: 6.923ns
The critical path consists of the following:
	'call' operation ('call_ret', src/md5.c:131->src/md5.c:190) to 'md5_transform' [57]  (6.923 ns)

 <State 84>: 6.923ns
The critical path consists of the following:
	'call' operation ('call_ret', src/md5.c:131->src/md5.c:190) to 'md5_transform' [57]  (6.923 ns)

 <State 85>: 6.923ns
The critical path consists of the following:
	'call' operation ('call_ret', src/md5.c:131->src/md5.c:190) to 'md5_transform' [57]  (6.923 ns)

 <State 86>: 6.923ns
The critical path consists of the following:
	'call' operation ('call_ret', src/md5.c:131->src/md5.c:190) to 'md5_transform' [57]  (6.923 ns)

 <State 87>: 6.923ns
The critical path consists of the following:
	'call' operation ('call_ret', src/md5.c:131->src/md5.c:190) to 'md5_transform' [57]  (6.923 ns)

 <State 88>: 6.923ns
The critical path consists of the following:
	'call' operation ('call_ret', src/md5.c:131->src/md5.c:190) to 'md5_transform' [57]  (6.923 ns)

 <State 89>: 6.923ns
The critical path consists of the following:
	'call' operation ('call_ret', src/md5.c:131->src/md5.c:190) to 'md5_transform' [57]  (6.923 ns)

 <State 90>: 6.923ns
The critical path consists of the following:
	'call' operation ('call_ret', src/md5.c:131->src/md5.c:190) to 'md5_transform' [57]  (6.923 ns)

 <State 91>: 6.923ns
The critical path consists of the following:
	'call' operation ('call_ret', src/md5.c:131->src/md5.c:190) to 'md5_transform' [57]  (6.923 ns)

 <State 92>: 6.923ns
The critical path consists of the following:
	'call' operation ('call_ret', src/md5.c:131->src/md5.c:190) to 'md5_transform' [57]  (6.923 ns)

 <State 93>: 6.923ns
The critical path consists of the following:
	'call' operation ('call_ret', src/md5.c:131->src/md5.c:190) to 'md5_transform' [57]  (6.923 ns)

 <State 94>: 6.923ns
The critical path consists of the following:
	'call' operation ('call_ret', src/md5.c:131->src/md5.c:190) to 'md5_transform' [57]  (6.923 ns)

 <State 95>: 6.923ns
The critical path consists of the following:
	'call' operation ('call_ret', src/md5.c:131->src/md5.c:190) to 'md5_transform' [57]  (6.923 ns)

 <State 96>: 6.923ns
The critical path consists of the following:
	'call' operation ('call_ret', src/md5.c:131->src/md5.c:190) to 'md5_transform' [57]  (6.923 ns)

 <State 97>: 6.923ns
The critical path consists of the following:
	'call' operation ('call_ret', src/md5.c:131->src/md5.c:190) to 'md5_transform' [57]  (6.923 ns)

 <State 98>: 6.923ns
The critical path consists of the following:
	'call' operation ('call_ret', src/md5.c:131->src/md5.c:190) to 'md5_transform' [57]  (6.923 ns)

 <State 99>: 6.923ns
The critical path consists of the following:
	'call' operation ('call_ret', src/md5.c:131->src/md5.c:190) to 'md5_transform' [57]  (6.923 ns)

 <State 100>: 6.923ns
The critical path consists of the following:
	'call' operation ('call_ret', src/md5.c:131->src/md5.c:190) to 'md5_transform' [57]  (6.923 ns)

 <State 101>: 6.923ns
The critical path consists of the following:
	'call' operation ('call_ret', src/md5.c:131->src/md5.c:190) to 'md5_transform' [57]  (6.923 ns)

 <State 102>: 6.923ns
The critical path consists of the following:
	'call' operation ('call_ret', src/md5.c:131->src/md5.c:190) to 'md5_transform' [57]  (6.923 ns)

 <State 103>: 6.923ns
The critical path consists of the following:
	'call' operation ('call_ret', src/md5.c:131->src/md5.c:190) to 'md5_transform' [57]  (6.923 ns)

 <State 104>: 6.923ns
The critical path consists of the following:
	'call' operation ('call_ret', src/md5.c:131->src/md5.c:190) to 'md5_transform' [57]  (6.923 ns)

 <State 105>: 6.923ns
The critical path consists of the following:
	'call' operation ('call_ret', src/md5.c:131->src/md5.c:190) to 'md5_transform' [57]  (6.923 ns)

 <State 106>: 6.923ns
The critical path consists of the following:
	'call' operation ('call_ret', src/md5.c:131->src/md5.c:190) to 'md5_transform' [57]  (6.923 ns)

 <State 107>: 6.923ns
The critical path consists of the following:
	'call' operation ('call_ret', src/md5.c:131->src/md5.c:190) to 'md5_transform' [57]  (6.923 ns)

 <State 108>: 6.923ns
The critical path consists of the following:
	'call' operation ('call_ret', src/md5.c:131->src/md5.c:190) to 'md5_transform' [57]  (6.923 ns)

 <State 109>: 6.923ns
The critical path consists of the following:
	'call' operation ('call_ret', src/md5.c:131->src/md5.c:190) to 'md5_transform' [57]  (6.923 ns)

 <State 110>: 6.923ns
The critical path consists of the following:
	'call' operation ('call_ret', src/md5.c:131->src/md5.c:190) to 'md5_transform' [57]  (6.923 ns)

 <State 111>: 5.959ns
The critical path consists of the following:
	'call' operation ('call_ret', src/md5.c:131->src/md5.c:190) to 'md5_transform' [57]  (4.371 ns)
	'store' operation ('store_ln134', src/md5.c:134->src/md5.c:190) of variable 'ctx.state[3]', src/md5.c:131->src/md5.c:190 on local variable 'ctx.state[3]' [63]  (1.588 ns)


============================================================
+ Verbose Summary: Binding
============================================================
N/A
* FSMD analyzer results:
  - Output states:
 - Input state : 
  - Chain level:
	State 1
	State 2
	State 3
	State 4
	State 5
	State 6
	State 7
	State 8
	State 9
	State 10
	State 11
	State 12
	State 13
	State 14
	State 15
	State 16
	State 17
	State 18
	State 19
	State 20
	State 21
	State 22
	State 23
	State 24
	State 25
	State 26
	State 27
	State 28
	State 29
	State 30
	State 31
	State 32
	State 33
	State 34
	State 35
	State 36
	State 37
	State 38
	State 39
	State 40
	State 41
	State 42
	State 43
	State 44
	State 45
	State 46
	State 47
	State 48
	State 49
	State 50
	State 51
	State 52
	State 53
	State 54
	State 55
	State 56
	State 57
	State 58
	State 59
	State 60
	State 61
	State 62
	State 63
	State 64
	State 65
	State 66
	State 67
	State 68
	State 69
	State 70
	State 71
	State 72
	State 73
	State 74
	State 75
	State 76
	State 77
	State 78
	State 79
	State 80
	State 81
	State 82
	State 83
	State 84
	State 85
	State 86
	State 87
	State 88
	State 89
	State 90
	State 91
	State 92
	State 93
	State 94
	State 95
	State 96
	State 97
	State 98
	State 99
	State 100
	State 101
	State 102
	State 103
	State 104
	State 105
	State 106
	State 107
	State 108
	State 109
	State 110
	State 111


============================================================
+ Verbose Summary: Datapath Resource usage 
============================================================
N/A
